{"/Users/evander/Labs/codex/worktrees/evoforge-q4-insightforge-review/src/artifacts.ts": {"path":"/Users/evander/Labs/codex/worktrees/evoforge-q4-insightforge-review/src/artifacts.ts","all":false,"statementMap":{"0":{"start":{"line":1,"column":0},"end":{"line":1,"column":58}},"1":{"start":{"line":2,"column":0},"end":{"line":2,"column":62}},"2":{"start":{"line":3,"column":0},"end":{"line":3,"column":0}},"3":{"start":{"line":4,"column":0},"end":{"line":4,"column":8}},"4":{"start":{"line":5,"column":0},"end":{"line":5,"column":24}},"5":{"start":{"line":6,"column":0},"end":{"line":6,"column":22}},"6":{"start":{"line":7,"column":0},"end":{"line":7,"column":23}},"7":{"start":{"line":8,"column":0},"end":{"line":8,"column":19}},"8":{"start":{"line":9,"column":0},"end":{"line":9,"column":21}},"9":{"start":{"line":10,"column":0},"end":{"line":10,"column":48}},"10":{"start":{"line":11,"column":0},"end":{"line":11,"column":51}},"11":{"start":{"line":12,"column":0},"end":{"line":12,"column":79}},"12":{"start":{"line":13,"column":0},"end":{"line":13,"column":0}},"13":{"start":{"line":14,"column":0},"end":{"line":14,"column":53}},"14":{"start":{"line":15,"column":0},"end":{"line":15,"column":55}},"15":{"start":{"line":16,"column":0},"end":{"line":16,"column":119}},"16":{"start":{"line":17,"column":0},"end":{"line":17,"column":1}},"17":{"start":{"line":18,"column":0},"end":{"line":18,"column":0}},"18":{"start":{"line":19,"column":0},"end":{"line":19,"column":69}},"19":{"start":{"line":20,"column":0},"end":{"line":20,"column":20}},"20":{"start":{"line":21,"column":0},"end":{"line":21,"column":43}},"21":{"start":{"line":22,"column":0},"end":{"line":22,"column":39}},"22":{"start":{"line":23,"column":0},"end":{"line":23,"column":27}},"23":{"start":{"line":24,"column":0},"end":{"line":24,"column":19}},"24":{"start":{"line":25,"column":0},"end":{"line":25,"column":33}},"25":{"start":{"line":26,"column":0},"end":{"line":26,"column":23}},"26":{"start":{"line":27,"column":0},"end":{"line":27,"column":35}},"27":{"start":{"line":28,"column":0},"end":{"line":28,"column":33}},"28":{"start":{"line":29,"column":0},"end":{"line":29,"column":47}},"29":{"start":{"line":30,"column":0},"end":{"line":30,"column":37}},"30":{"start":{"line":31,"column":0},"end":{"line":31,"column":39}},"31":{"start":{"line":32,"column":0},"end":{"line":32,"column":5}},"32":{"start":{"line":33,"column":0},"end":{"line":33,"column":1}},"33":{"start":{"line":34,"column":0},"end":{"line":34,"column":0}},"34":{"start":{"line":35,"column":0},"end":{"line":35,"column":39}},"35":{"start":{"line":36,"column":0},"end":{"line":36,"column":38}},"36":{"start":{"line":37,"column":0},"end":{"line":37,"column":37}},"37":{"start":{"line":38,"column":0},"end":{"line":38,"column":43}},"38":{"start":{"line":39,"column":0},"end":{"line":39,"column":37}},"39":{"start":{"line":40,"column":0},"end":{"line":40,"column":49}},"40":{"start":{"line":41,"column":0},"end":{"line":41,"column":61}},"41":{"start":{"line":42,"column":0},"end":{"line":42,"column":25}},"42":{"start":{"line":43,"column":0},"end":{"line":43,"column":39}},"43":{"start":{"line":44,"column":0},"end":{"line":44,"column":27}},"44":{"start":{"line":45,"column":0},"end":{"line":45,"column":19}},"45":{"start":{"line":46,"column":0},"end":{"line":46,"column":33}},"46":{"start":{"line":47,"column":0},"end":{"line":47,"column":23}},"47":{"start":{"line":48,"column":0},"end":{"line":48,"column":35}},"48":{"start":{"line":49,"column":0},"end":{"line":49,"column":33}},"49":{"start":{"line":50,"column":0},"end":{"line":50,"column":47}},"50":{"start":{"line":51,"column":0},"end":{"line":51,"column":37}},"51":{"start":{"line":52,"column":0},"end":{"line":52,"column":39}},"52":{"start":{"line":53,"column":0},"end":{"line":53,"column":43}},"53":{"start":{"line":54,"column":0},"end":{"line":54,"column":47}},"54":{"start":{"line":55,"column":0},"end":{"line":55,"column":41}},"55":{"start":{"line":56,"column":0},"end":{"line":56,"column":120}},"56":{"start":{"line":57,"column":0},"end":{"line":57,"column":5}},"57":{"start":{"line":58,"column":0},"end":{"line":58,"column":1}},"58":{"start":{"line":59,"column":0},"end":{"line":59,"column":0}},"59":{"start":{"line":60,"column":0},"end":{"line":60,"column":121}},"60":{"start":{"line":61,"column":0},"end":{"line":61,"column":32}},"61":{"start":{"line":62,"column":0},"end":{"line":62,"column":115}},"62":{"start":{"line":63,"column":0},"end":{"line":63,"column":1}},"63":{"start":{"line":64,"column":0},"end":{"line":64,"column":0}},"64":{"start":{"line":65,"column":0},"end":{"line":65,"column":55}},"65":{"start":{"line":66,"column":0},"end":{"line":66,"column":43}},"66":{"start":{"line":67,"column":0},"end":{"line":67,"column":19}},"67":{"start":{"line":68,"column":0},"end":{"line":68,"column":23}},"68":{"start":{"line":69,"column":0},"end":{"line":69,"column":38}},"69":{"start":{"line":70,"column":0},"end":{"line":70,"column":58}},"70":{"start":{"line":71,"column":0},"end":{"line":71,"column":30}},"71":{"start":{"line":72,"column":0},"end":{"line":72,"column":87}},"72":{"start":{"line":73,"column":0},"end":{"line":73,"column":85}},"73":{"start":{"line":74,"column":0},"end":{"line":74,"column":41}},"74":{"start":{"line":75,"column":0},"end":{"line":75,"column":47}},"75":{"start":{"line":76,"column":0},"end":{"line":76,"column":0}},"76":{"start":{"line":77,"column":0},"end":{"line":77,"column":101}},"77":{"start":{"line":78,"column":0},"end":{"line":78,"column":94}},"78":{"start":{"line":79,"column":0},"end":{"line":79,"column":58}},"79":{"start":{"line":80,"column":0},"end":{"line":80,"column":64}},"80":{"start":{"line":81,"column":0},"end":{"line":81,"column":61}},"81":{"start":{"line":82,"column":0},"end":{"line":82,"column":66}},"82":{"start":{"line":83,"column":0},"end":{"line":83,"column":62}},"83":{"start":{"line":84,"column":0},"end":{"line":84,"column":69}},"84":{"start":{"line":85,"column":0},"end":{"line":85,"column":78}},"85":{"start":{"line":86,"column":0},"end":{"line":86,"column":78}},"86":{"start":{"line":87,"column":0},"end":{"line":87,"column":74}},"87":{"start":{"line":88,"column":0},"end":{"line":88,"column":44}},"88":{"start":{"line":89,"column":0},"end":{"line":89,"column":99}},"89":{"start":{"line":90,"column":0},"end":{"line":90,"column":47}},"90":{"start":{"line":91,"column":0},"end":{"line":91,"column":12}},"91":{"start":{"line":92,"column":0},"end":{"line":92,"column":40}},"92":{"start":{"line":93,"column":0},"end":{"line":93,"column":12}},"93":{"start":{"line":94,"column":0},"end":{"line":94,"column":35}},"94":{"start":{"line":95,"column":0},"end":{"line":95,"column":43}},"95":{"start":{"line":96,"column":0},"end":{"line":96,"column":53}},"96":{"start":{"line":97,"column":0},"end":{"line":97,"column":42}},"97":{"start":{"line":98,"column":0},"end":{"line":98,"column":44}},"98":{"start":{"line":99,"column":0},"end":{"line":99,"column":50}},"99":{"start":{"line":100,"column":0},"end":{"line":100,"column":22}},"100":{"start":{"line":101,"column":0},"end":{"line":101,"column":39}},"101":{"start":{"line":102,"column":0},"end":{"line":102,"column":4}},"102":{"start":{"line":103,"column":0},"end":{"line":103,"column":45}},"103":{"start":{"line":104,"column":0},"end":{"line":104,"column":0}},"104":{"start":{"line":105,"column":0},"end":{"line":105,"column":33}},"105":{"start":{"line":106,"column":0},"end":{"line":106,"column":62}},"106":{"start":{"line":107,"column":0},"end":{"line":107,"column":64}},"107":{"start":{"line":108,"column":0},"end":{"line":108,"column":35}},"108":{"start":{"line":109,"column":0},"end":{"line":109,"column":19}},"109":{"start":{"line":110,"column":0},"end":{"line":110,"column":126}},"110":{"start":{"line":111,"column":0},"end":{"line":111,"column":135}},"111":{"start":{"line":112,"column":0},"end":{"line":112,"column":143}},"112":{"start":{"line":113,"column":0},"end":{"line":113,"column":129}},"113":{"start":{"line":114,"column":0},"end":{"line":114,"column":4}},"114":{"start":{"line":115,"column":0},"end":{"line":115,"column":47}},"115":{"start":{"line":116,"column":0},"end":{"line":116,"column":37}},"116":{"start":{"line":117,"column":0},"end":{"line":117,"column":85}},"117":{"start":{"line":118,"column":0},"end":{"line":118,"column":19}},"118":{"start":{"line":119,"column":0},"end":{"line":119,"column":52}},"119":{"start":{"line":120,"column":0},"end":{"line":120,"column":61}},"120":{"start":{"line":121,"column":0},"end":{"line":121,"column":65}},"121":{"start":{"line":122,"column":0},"end":{"line":122,"column":56}},"122":{"start":{"line":123,"column":0},"end":{"line":123,"column":4}},"123":{"start":{"line":124,"column":0},"end":{"line":124,"column":26}},"124":{"start":{"line":125,"column":0},"end":{"line":125,"column":17}},"125":{"start":{"line":126,"column":0},"end":{"line":126,"column":1}},"126":{"start":{"line":127,"column":0},"end":{"line":127,"column":0}},"127":{"start":{"line":128,"column":0},"end":{"line":128,"column":74}},"128":{"start":{"line":129,"column":0},"end":{"line":129,"column":53}},"129":{"start":{"line":130,"column":0},"end":{"line":130,"column":37}},"130":{"start":{"line":131,"column":0},"end":{"line":131,"column":43}},"131":{"start":{"line":132,"column":0},"end":{"line":132,"column":89}},"132":{"start":{"line":133,"column":0},"end":{"line":133,"column":108}},"133":{"start":{"line":134,"column":0},"end":{"line":134,"column":1}}},"s":{"0":1,"1":1,"2":1,"3":1,"4":1,"5":1,"6":1,"7":1,"8":1,"9":1,"10":1,"11":1,"12":1,"13":89,"14":89,"15":89,"16":89,"17":1,"18":1,"19":44,"20":44,"21":44,"22":44,"23":44,"24":44,"25":44,"26":44,"27":44,"28":44,"29":44,"30":44,"31":44,"32":44,"33":1,"34":44,"35":44,"36":44,"37":44,"38":44,"39":44,"40":44,"41":44,"42":44,"43":44,"44":44,"45":44,"46":44,"47":44,"48":44,"49":44,"50":44,"51":44,"52":44,"53":44,"54":44,"55":44,"56":44,"57":44,"58":1,"59":176,"60":176,"61":176,"62":176,"63":1,"64":1,"65":44,"66":44,"67":44,"68":44,"69":44,"70":44,"71":44,"72":44,"73":44,"74":44,"75":44,"76":44,"77":44,"78":44,"79":44,"80":44,"81":44,"82":44,"83":44,"84":44,"85":44,"86":44,"87":44,"88":44,"89":44,"90":44,"91":44,"92":44,"93":44,"94":44,"95":44,"96":44,"97":44,"98":44,"99":44,"100":44,"101":44,"102":44,"103":44,"104":44,"105":44,"106":44,"107":44,"108":44,"109":44,"110":44,"111":44,"112":44,"113":44,"114":44,"115":44,"116":44,"117":44,"118":44,"119":44,"120":44,"121":44,"122":44,"123":44,"124":44,"125":44,"126":1,"127":45,"128":45,"129":45,"130":45,"131":45,"132":44,"133":45},"branchMap":{"0":{"type":"branch","line":1,"loc":{"start":{"line":1,"column":0},"end":{"line":1,"column":9}},"locations":[{"start":{"line":1,"column":0},"end":{"line":1,"column":9}}]},"1":{"type":"branch","line":14,"loc":{"start":{"line":14,"column":0},"end":{"line":17,"column":1}},"locations":[{"start":{"line":14,"column":0},"end":{"line":17,"column":1}}]},"2":{"type":"branch","line":16,"loc":{"start":{"line":16,"column":22},"end":{"line":16,"column":53}},"locations":[{"start":{"line":16,"column":22},"end":{"line":16,"column":53}}]},"3":{"type":"branch","line":16,"loc":{"start":{"line":16,"column":53},"end":{"line":16,"column":119}},"locations":[{"start":{"line":16,"column":53},"end":{"line":16,"column":119}}]},"4":{"type":"branch","line":19,"loc":{"start":{"line":19,"column":7},"end":{"line":33,"column":1}},"locations":[{"start":{"line":19,"column":7},"end":{"line":33,"column":1}}]},"5":{"type":"branch","line":35,"loc":{"start":{"line":35,"column":0},"end":{"line":58,"column":1}},"locations":[{"start":{"line":35,"column":0},"end":{"line":58,"column":1}}]},"6":{"type":"branch","line":56,"loc":{"start":{"line":56,"column":63},"end":{"line":56,"column":118}},"locations":[{"start":{"line":56,"column":63},"end":{"line":56,"column":118}}]},"7":{"type":"branch","line":60,"loc":{"start":{"line":60,"column":0},"end":{"line":63,"column":1}},"locations":[{"start":{"line":60,"column":0},"end":{"line":63,"column":1}}]},"8":{"type":"branch","line":66,"loc":{"start":{"line":66,"column":0},"end":{"line":126,"column":1}},"locations":[{"start":{"line":66,"column":0},"end":{"line":126,"column":1}}]},"9":{"type":"branch","line":77,"loc":{"start":{"line":77,"column":43},"end":{"line":77,"column":101}},"locations":[{"start":{"line":77,"column":43},"end":{"line":77,"column":101}}]},"10":{"type":"branch","line":77,"loc":{"start":{"line":77,"column":74},"end":{"line":77,"column":101}},"locations":[{"start":{"line":77,"column":74},"end":{"line":77,"column":101}}]},"11":{"type":"branch","line":78,"loc":{"start":{"line":78,"column":84},"end":{"line":78,"column":94}},"locations":[{"start":{"line":78,"column":84},"end":{"line":78,"column":94}}]},"12":{"type":"branch","line":101,"loc":{"start":{"line":101,"column":18},"end":{"line":101,"column":39}},"locations":[{"start":{"line":101,"column":18},"end":{"line":101,"column":39}}]},"13":{"type":"branch","line":101,"loc":{"start":{"line":101,"column":18},"end":{"line":101,"column":34}},"locations":[{"start":{"line":101,"column":18},"end":{"line":101,"column":34}}]},"14":{"type":"branch","line":101,"loc":{"start":{"line":101,"column":28},"end":{"line":101,"column":39}},"locations":[{"start":{"line":101,"column":28},"end":{"line":101,"column":39}}]},"15":{"type":"branch","line":72,"loc":{"start":{"line":72,"column":59},"end":{"line":72,"column":80}},"locations":[{"start":{"line":72,"column":59},"end":{"line":72,"column":80}}]},"16":{"type":"branch","line":78,"loc":{"start":{"line":78,"column":50},"end":{"line":78,"column":81}},"locations":[{"start":{"line":78,"column":50},"end":{"line":78,"column":81}}]},"17":{"type":"branch","line":128,"loc":{"start":{"line":128,"column":0},"end":{"line":134,"column":1}},"locations":[{"start":{"line":128,"column":0},"end":{"line":134,"column":1}}]},"18":{"type":"branch","line":132,"loc":{"start":{"line":132,"column":2},"end":{"line":133,"column":108}},"locations":[{"start":{"line":132,"column":2},"end":{"line":133,"column":108}}]}},"b":{"0":[144],"1":[89],"2":[88],"3":[1],"4":[44],"5":[44],"6":[240],"7":[176],"8":[44],"9":[16],"10":[10],"11":[34],"12":[40],"13":[10],"14":[34],"15":[16],"16":[6],"17":[45],"18":[44]},"fnMap":{"0":{"name":"__name","decl":{"start":{"line":1,"column":0},"end":{"line":1,"column":9}},"loc":{"start":{"line":1,"column":0},"end":{"line":1,"column":9}},"line":1},"1":{"name":"assertInside","decl":{"start":{"line":14,"column":0},"end":{"line":17,"column":1}},"loc":{"start":{"line":14,"column":0},"end":{"line":17,"column":1}},"line":14},"2":{"name":"computeResearchSnapshotId","decl":{"start":{"line":19,"column":7},"end":{"line":33,"column":1}},"loc":{"start":{"line":19,"column":7},"end":{"line":33,"column":1}},"line":19},"3":{"name":"packageFor","decl":{"start":{"line":35,"column":0},"end":{"line":58,"column":1}},"loc":{"start":{"line":35,"column":0},"end":{"line":58,"column":1}},"line":35},"4":{"name":"record","decl":{"start":{"line":60,"column":0},"end":{"line":63,"column":1}},"loc":{"start":{"line":60,"column":0},"end":{"line":63,"column":1}},"line":60},"5":{"name":"writeArtifactVersion","decl":{"start":{"line":66,"column":0},"end":{"line":126,"column":1}},"loc":{"start":{"line":66,"column":0},"end":{"line":126,"column":1}},"line":66},"6":{"name":"persistRun","decl":{"start":{"line":128,"column":0},"end":{"line":134,"column":1}},"loc":{"start":{"line":128,"column":0},"end":{"line":134,"column":1}},"line":128}},"f":{"0":144,"1":89,"2":44,"3":44,"4":176,"5":44,"6":45}}
,"/Users/evander/Labs/codex/worktrees/evoforge-q4-insightforge-review/src/audit.ts": {"path":"/Users/evander/Labs/codex/worktrees/evoforge-q4-insightforge-review/src/audit.ts","all":false,"statementMap":{"0":{"start":{"line":1,"column":0},"end":{"line":1,"column":115}},"1":{"start":{"line":2,"column":0},"end":{"line":2,"column":66}},"2":{"start":{"line":3,"column":0},"end":{"line":3,"column":0}},"3":{"start":{"line":4,"column":0},"end":{"line":4,"column":30}},"4":{"start":{"line":5,"column":0},"end":{"line":5,"column":27}},"5":{"start":{"line":6,"column":0},"end":{"line":6,"column":30}},"6":{"start":{"line":7,"column":0},"end":{"line":7,"column":1}},"7":{"start":{"line":8,"column":0},"end":{"line":8,"column":0}},"8":{"start":{"line":9,"column":0},"end":{"line":9,"column":72}},"9":{"start":{"line":10,"column":0},"end":{"line":10,"column":48}},"10":{"start":{"line":11,"column":0},"end":{"line":11,"column":99}},"11":{"start":{"line":12,"column":0},"end":{"line":12,"column":41}},"12":{"start":{"line":13,"column":0},"end":{"line":13,"column":21}},"13":{"start":{"line":14,"column":0},"end":{"line":14,"column":22}},"14":{"start":{"line":15,"column":0},"end":{"line":15,"column":20}},"15":{"start":{"line":16,"column":0},"end":{"line":16,"column":18}},"16":{"start":{"line":17,"column":0},"end":{"line":17,"column":23}},"17":{"start":{"line":18,"column":0},"end":{"line":18,"column":20}},"18":{"start":{"line":19,"column":0},"end":{"line":19,"column":2}},"19":{"start":{"line":20,"column":0},"end":{"line":20,"column":0}},"20":{"start":{"line":21,"column":0},"end":{"line":21,"column":17}},"21":{"start":{"line":22,"column":0},"end":{"line":22,"column":37}},"22":{"start":{"line":23,"column":0},"end":{"line":23,"column":37}},"23":{"start":{"line":24,"column":0},"end":{"line":24,"column":19}},"24":{"start":{"line":25,"column":0},"end":{"line":25,"column":33}},"25":{"start":{"line":26,"column":0},"end":{"line":26,"column":18}},"26":{"start":{"line":27,"column":0},"end":{"line":27,"column":17}},"27":{"start":{"line":28,"column":0},"end":{"line":28,"column":17}},"28":{"start":{"line":29,"column":0},"end":{"line":29,"column":16}},"29":{"start":{"line":30,"column":0},"end":{"line":30,"column":17}},"30":{"start":{"line":31,"column":0},"end":{"line":31,"column":133}},"31":{"start":{"line":32,"column":0},"end":{"line":32,"column":1}},"32":{"start":{"line":33,"column":0},"end":{"line":33,"column":0}},"33":{"start":{"line":34,"column":0},"end":{"line":34,"column":74}},"34":{"start":{"line":35,"column":0},"end":{"line":35,"column":94}},"35":{"start":{"line":36,"column":0},"end":{"line":36,"column":1}},"36":{"start":{"line":37,"column":0},"end":{"line":37,"column":0}},"37":{"start":{"line":38,"column":0},"end":{"line":38,"column":88}},"38":{"start":{"line":39,"column":0},"end":{"line":39,"column":83}},"39":{"start":{"line":40,"column":0},"end":{"line":40,"column":1}},"40":{"start":{"line":41,"column":0},"end":{"line":41,"column":0}},"41":{"start":{"line":42,"column":0},"end":{"line":42,"column":53}},"42":{"start":{"line":43,"column":0},"end":{"line":43,"column":47}},"43":{"start":{"line":44,"column":0},"end":{"line":44,"column":63}},"44":{"start":{"line":45,"column":0},"end":{"line":45,"column":1}},"45":{"start":{"line":46,"column":0},"end":{"line":46,"column":0}},"46":{"start":{"line":47,"column":0},"end":{"line":47,"column":129}},"47":{"start":{"line":48,"column":0},"end":{"line":48,"column":32}},"48":{"start":{"line":49,"column":0},"end":{"line":49,"column":72}},"49":{"start":{"line":50,"column":0},"end":{"line":50,"column":39}},"50":{"start":{"line":51,"column":0},"end":{"line":51,"column":49}},"51":{"start":{"line":52,"column":0},"end":{"line":52,"column":45}},"52":{"start":{"line":53,"column":0},"end":{"line":53,"column":49}},"53":{"start":{"line":54,"column":0},"end":{"line":54,"column":59}},"54":{"start":{"line":55,"column":0},"end":{"line":55,"column":36}},"55":{"start":{"line":56,"column":0},"end":{"line":56,"column":38}},"56":{"start":{"line":57,"column":0},"end":{"line":57,"column":38}},"57":{"start":{"line":58,"column":0},"end":{"line":58,"column":5}},"58":{"start":{"line":59,"column":0},"end":{"line":59,"column":3}},"59":{"start":{"line":60,"column":0},"end":{"line":60,"column":1}},"60":{"start":{"line":61,"column":0},"end":{"line":61,"column":0}},"61":{"start":{"line":62,"column":0},"end":{"line":62,"column":3}},"62":{"start":{"line":63,"column":0},"end":{"line":63,"column":39}},"63":{"start":{"line":64,"column":0},"end":{"line":64,"column":41}},"64":{"start":{"line":65,"column":0},"end":{"line":65,"column":3}},"65":{"start":{"line":66,"column":0},"end":{"line":66,"column":99}},"66":{"start":{"line":67,"column":0},"end":{"line":67,"column":38}},"67":{"start":{"line":68,"column":0},"end":{"line":68,"column":41}},"68":{"start":{"line":69,"column":0},"end":{"line":69,"column":94}},"69":{"start":{"line":70,"column":0},"end":{"line":70,"column":68}},"70":{"start":{"line":71,"column":0},"end":{"line":71,"column":61}},"71":{"start":{"line":72,"column":0},"end":{"line":72,"column":0}},"72":{"start":{"line":73,"column":0},"end":{"line":73,"column":46}},"73":{"start":{"line":74,"column":0},"end":{"line":74,"column":31}},"74":{"start":{"line":75,"column":0},"end":{"line":75,"column":77}},"75":{"start":{"line":76,"column":0},"end":{"line":76,"column":60}},"76":{"start":{"line":77,"column":0},"end":{"line":77,"column":47}},"77":{"start":{"line":78,"column":0},"end":{"line":78,"column":30}},"78":{"start":{"line":79,"column":0},"end":{"line":79,"column":60}},"79":{"start":{"line":80,"column":0},"end":{"line":80,"column":150}},"80":{"start":{"line":81,"column":0},"end":{"line":81,"column":3}},"81":{"start":{"line":82,"column":0},"end":{"line":82,"column":0}},"82":{"start":{"line":83,"column":0},"end":{"line":83,"column":54}},"83":{"start":{"line":84,"column":0},"end":{"line":84,"column":31}},"84":{"start":{"line":85,"column":0},"end":{"line":85,"column":85}},"85":{"start":{"line":86,"column":0},"end":{"line":86,"column":75}},"86":{"start":{"line":87,"column":0},"end":{"line":87,"column":85}},"87":{"start":{"line":88,"column":0},"end":{"line":88,"column":71}},"88":{"start":{"line":89,"column":0},"end":{"line":89,"column":50}},"89":{"start":{"line":90,"column":0},"end":{"line":90,"column":7}},"90":{"start":{"line":91,"column":0},"end":{"line":91,"column":104}},"91":{"start":{"line":92,"column":0},"end":{"line":92,"column":136}},"92":{"start":{"line":93,"column":0},"end":{"line":93,"column":31}},"93":{"start":{"line":94,"column":0},"end":{"line":94,"column":0}},"94":{"start":{"line":95,"column":0},"end":{"line":95,"column":59}},"95":{"start":{"line":96,"column":0},"end":{"line":96,"column":32}},"96":{"start":{"line":97,"column":0},"end":{"line":97,"column":59}},"97":{"start":{"line":98,"column":0},"end":{"line":98,"column":69}},"98":{"start":{"line":99,"column":0},"end":{"line":99,"column":144}},"99":{"start":{"line":100,"column":0},"end":{"line":100,"column":12}},"100":{"start":{"line":101,"column":0},"end":{"line":101,"column":134}},"101":{"start":{"line":102,"column":0},"end":{"line":102,"column":5}},"102":{"start":{"line":103,"column":0},"end":{"line":103,"column":23}},"103":{"start":{"line":104,"column":0},"end":{"line":104,"column":71}},"104":{"start":{"line":105,"column":0},"end":{"line":105,"column":23}},"105":{"start":{"line":106,"column":0},"end":{"line":106,"column":114}},"106":{"start":{"line":107,"column":0},"end":{"line":107,"column":7}},"107":{"start":{"line":108,"column":0},"end":{"line":108,"column":5}},"108":{"start":{"line":109,"column":0},"end":{"line":109,"column":3}},"109":{"start":{"line":110,"column":0},"end":{"line":110,"column":0}},"110":{"start":{"line":111,"column":0},"end":{"line":111,"column":38}},"111":{"start":{"line":112,"column":0},"end":{"line":112,"column":44}},"112":{"start":{"line":113,"column":0},"end":{"line":113,"column":50}},"113":{"start":{"line":114,"column":0},"end":{"line":114,"column":24}},"114":{"start":{"line":115,"column":0},"end":{"line":115,"column":24}},"115":{"start":{"line":116,"column":0},"end":{"line":116,"column":149}},"116":{"start":{"line":117,"column":0},"end":{"line":117,"column":22}},"117":{"start":{"line":118,"column":0},"end":{"line":118,"column":39}},"118":{"start":{"line":119,"column":0},"end":{"line":119,"column":44}},"119":{"start":{"line":120,"column":0},"end":{"line":120,"column":31}},"120":{"start":{"line":121,"column":0},"end":{"line":121,"column":117}},"121":{"start":{"line":122,"column":0},"end":{"line":122,"column":51}},"122":{"start":{"line":123,"column":0},"end":{"line":123,"column":9}},"123":{"start":{"line":124,"column":0},"end":{"line":124,"column":180}},"124":{"start":{"line":125,"column":0},"end":{"line":125,"column":40}},"125":{"start":{"line":126,"column":0},"end":{"line":126,"column":35}},"126":{"start":{"line":127,"column":0},"end":{"line":127,"column":156}},"127":{"start":{"line":128,"column":0},"end":{"line":128,"column":7}},"128":{"start":{"line":129,"column":0},"end":{"line":129,"column":5}},"129":{"start":{"line":130,"column":0},"end":{"line":130,"column":3}},"130":{"start":{"line":131,"column":0},"end":{"line":131,"column":0}},"131":{"start":{"line":132,"column":0},"end":{"line":132,"column":58}},"132":{"start":{"line":133,"column":0},"end":{"line":133,"column":29}},"133":{"start":{"line":134,"column":0},"end":{"line":134,"column":87}},"134":{"start":{"line":135,"column":0},"end":{"line":135,"column":111}},"135":{"start":{"line":136,"column":0},"end":{"line":136,"column":18}},"136":{"start":{"line":137,"column":0},"end":{"line":137,"column":138}},"137":{"start":{"line":138,"column":0},"end":{"line":138,"column":15}},"138":{"start":{"line":139,"column":0},"end":{"line":139,"column":5}},"139":{"start":{"line":140,"column":0},"end":{"line":140,"column":38}},"140":{"start":{"line":141,"column":0},"end":{"line":141,"column":38}},"141":{"start":{"line":142,"column":0},"end":{"line":142,"column":33}},"142":{"start":{"line":143,"column":0},"end":{"line":143,"column":55}},"143":{"start":{"line":144,"column":0},"end":{"line":144,"column":78}},"144":{"start":{"line":145,"column":0},"end":{"line":145,"column":76}},"145":{"start":{"line":146,"column":0},"end":{"line":146,"column":5}},"146":{"start":{"line":147,"column":0},"end":{"line":147,"column":178}},"147":{"start":{"line":148,"column":0},"end":{"line":148,"column":3}},"148":{"start":{"line":149,"column":0},"end":{"line":149,"column":0}},"149":{"start":{"line":150,"column":0},"end":{"line":150,"column":22}},"150":{"start":{"line":151,"column":0},"end":{"line":151,"column":31}},"151":{"start":{"line":152,"column":0},"end":{"line":152,"column":74}},"152":{"start":{"line":153,"column":0},"end":{"line":153,"column":102}},"153":{"start":{"line":154,"column":0},"end":{"line":154,"column":58}},"154":{"start":{"line":155,"column":0},"end":{"line":155,"column":37}},"155":{"start":{"line":156,"column":0},"end":{"line":156,"column":28}},"156":{"start":{"line":157,"column":0},"end":{"line":157,"column":141}},"157":{"start":{"line":158,"column":0},"end":{"line":158,"column":3}},"158":{"start":{"line":159,"column":0},"end":{"line":159,"column":0}},"159":{"start":{"line":160,"column":0},"end":{"line":160,"column":38}},"160":{"start":{"line":161,"column":0},"end":{"line":161,"column":41}},"161":{"start":{"line":162,"column":0},"end":{"line":162,"column":62}},"162":{"start":{"line":163,"column":0},"end":{"line":163,"column":153}},"163":{"start":{"line":164,"column":0},"end":{"line":164,"column":47}},"164":{"start":{"line":165,"column":0},"end":{"line":165,"column":55}},"165":{"start":{"line":166,"column":0},"end":{"line":166,"column":45}},"166":{"start":{"line":167,"column":0},"end":{"line":167,"column":150}},"167":{"start":{"line":168,"column":0},"end":{"line":168,"column":3}},"168":{"start":{"line":169,"column":0},"end":{"line":169,"column":0}},"169":{"start":{"line":170,"column":0},"end":{"line":170,"column":39}},"170":{"start":{"line":171,"column":0},"end":{"line":171,"column":42}},"171":{"start":{"line":172,"column":0},"end":{"line":172,"column":70}},"172":{"start":{"line":173,"column":0},"end":{"line":173,"column":112}},"173":{"start":{"line":174,"column":0},"end":{"line":174,"column":3}},"174":{"start":{"line":175,"column":0},"end":{"line":175,"column":0}},"175":{"start":{"line":176,"column":0},"end":{"line":176,"column":46}},"176":{"start":{"line":177,"column":0},"end":{"line":177,"column":47}},"177":{"start":{"line":178,"column":0},"end":{"line":178,"column":89}},"178":{"start":{"line":179,"column":0},"end":{"line":179,"column":121}},"179":{"start":{"line":180,"column":0},"end":{"line":180,"column":7}},"180":{"start":{"line":181,"column":0},"end":{"line":181,"column":62}},"181":{"start":{"line":182,"column":0},"end":{"line":182,"column":109}},"182":{"start":{"line":183,"column":0},"end":{"line":183,"column":3}},"183":{"start":{"line":184,"column":0},"end":{"line":184,"column":0}},"184":{"start":{"line":185,"column":0},"end":{"line":185,"column":33}},"185":{"start":{"line":186,"column":0},"end":{"line":186,"column":1}}},"s":{"0":1,"1":1,"2":1,"3":1,"4":1,"5":1,"6":1,"7":1,"8":1,"9":1,"10":1,"11":1,"12":1,"13":1,"14":1,"15":1,"16":1,"17":1,"18":1,"19":1,"20":246,"21":246,"22":246,"23":246,"24":246,"25":246,"26":246,"27":246,"28":246,"29":246,"30":246,"31":246,"32":1,"33":5,"34":5,"35":5,"36":1,"37":37,"38":37,"39":37,"40":1,"41":76,"42":76,"43":76,"44":76,"45":1,"46":36,"47":36,"48":36,"49":36,"50":36,"51":36,"52":4,"53":4,"54":4,"55":4,"56":4,"57":4,"58":36,"59":36,"60":1,"61":1,"62":1,"63":1,"64":1,"65":1,"66":41,"67":41,"68":41,"69":41,"70":41,"71":41,"72":41,"73":41,"74":146,"75":146,"76":146,"77":1,"78":1,"79":1,"80":1,"81":41,"82":41,"83":41,"84":146,"85":146,"86":146,"87":126,"88":126,"89":125,"90":146,"91":146,"92":146,"93":146,"94":146,"95":4,"96":4,"97":4,"98":4,"99":134,"100":26,"101":26,"102":134,"103":1,"104":1,"105":1,"106":1,"107":1,"108":146,"109":41,"110":41,"111":41,"112":154,"113":229,"114":229,"115":229,"116":229,"117":38,"118":38,"119":38,"120":38,"121":38,"122":38,"123":38,"124":38,"125":229,"126":144,"127":144,"128":229,"129":229,"130":154,"131":154,"132":154,"133":154,"134":154,"135":142,"136":7,"137":7,"138":7,"139":154,"140":28,"141":138,"142":111,"143":111,"144":29,"145":29,"146":138,"147":28,"148":41,"149":41,"150":41,"151":146,"152":146,"153":44,"154":4,"155":4,"156":4,"157":4,"158":41,"159":41,"160":41,"161":147,"162":147,"163":45,"164":23,"165":5,"166":5,"167":5,"168":41,"169":41,"170":41,"171":246,"172":204,"173":133,"174":41,"175":41,"176":144,"177":864,"178":864,"179":144,"180":144,"181":144,"182":144,"183":41,"184":41,"185":41},"branchMap":{"0":{"type":"branch","line":2,"loc":{"start":{"line":2,"column":0},"end":{"line":2,"column":9}},"locations":[{"start":{"line":2,"column":0},"end":{"line":2,"column":9}}]},"1":{"type":"branch","line":21,"loc":{"start":{"line":21,"column":0},"end":{"line":32,"column":1}},"locations":[{"start":{"line":21,"column":0},"end":{"line":32,"column":1}}]},"2":{"type":"branch","line":34,"loc":{"start":{"line":34,"column":0},"end":{"line":36,"column":1}},"locations":[{"start":{"line":34,"column":0},"end":{"line":36,"column":1}}]},"3":{"type":"branch","line":35,"loc":{"start":{"line":35,"column":26},"end":{"line":35,"column":81}},"locations":[{"start":{"line":35,"column":26},"end":{"line":35,"column":81}}]},"4":{"type":"branch","line":35,"loc":{"start":{"line":35,"column":48},"end":{"line":35,"column":71}},"locations":[{"start":{"line":35,"column":48},"end":{"line":35,"column":71}}]},"5":{"type":"branch","line":38,"loc":{"start":{"line":38,"column":0},"end":{"line":40,"column":1}},"locations":[{"start":{"line":38,"column":0},"end":{"line":40,"column":1}}]},"6":{"type":"branch","line":39,"loc":{"start":{"line":39,"column":29},"end":{"line":39,"column":81}},"locations":[{"start":{"line":39,"column":29},"end":{"line":39,"column":81}}]},"7":{"type":"branch","line":42,"loc":{"start":{"line":42,"column":0},"end":{"line":45,"column":1}},"locations":[{"start":{"line":42,"column":0},"end":{"line":45,"column":1}}]},"8":{"type":"branch","line":44,"loc":{"start":{"line":44,"column":36},"end":{"line":44,"column":61}},"locations":[{"start":{"line":44,"column":36},"end":{"line":44,"column":61}}]},"9":{"type":"branch","line":47,"loc":{"start":{"line":47,"column":0},"end":{"line":60,"column":1}},"locations":[{"start":{"line":47,"column":0},"end":{"line":60,"column":1}}]},"10":{"type":"branch","line":52,"loc":{"start":{"line":52,"column":44},"end":{"line":58,"column":5}},"locations":[{"start":{"line":52,"column":44},"end":{"line":58,"column":5}}]},"11":{"type":"branch","line":66,"loc":{"start":{"line":66,"column":7},"end":{"line":186,"column":1}},"locations":[{"start":{"line":66,"column":7},"end":{"line":186,"column":1}}]},"12":{"type":"branch","line":74,"loc":{"start":{"line":74,"column":30},"end":{"line":81,"column":3}},"locations":[{"start":{"line":74,"column":30},"end":{"line":81,"column":3}}]},"13":{"type":"branch","line":76,"loc":{"start":{"line":76,"column":51},"end":{"line":76,"column":60}},"locations":[{"start":{"line":76,"column":51},"end":{"line":76,"column":60}}]},"14":{"type":"branch","line":77,"loc":{"start":{"line":77,"column":4},"end":{"line":81,"column":3}},"locations":[{"start":{"line":77,"column":4},"end":{"line":81,"column":3}}]},"15":{"type":"branch","line":84,"loc":{"start":{"line":84,"column":30},"end":{"line":109,"column":3}},"locations":[{"start":{"line":84,"column":30},"end":{"line":109,"column":3}}]},"16":{"type":"branch","line":87,"loc":{"start":{"line":87,"column":51},"end":{"line":90,"column":7}},"locations":[{"start":{"line":87,"column":51},"end":{"line":90,"column":7}}]},"17":{"type":"branch","line":92,"loc":{"start":{"line":92,"column":45},"end":{"line":92,"column":136}},"locations":[{"start":{"line":92,"column":45},"end":{"line":92,"column":136}}]},"18":{"type":"branch","line":92,"loc":{"start":{"line":92,"column":45},"end":{"line":92,"column":89}},"locations":[{"start":{"line":92,"column":45},"end":{"line":92,"column":89}}]},"19":{"type":"branch","line":92,"loc":{"start":{"line":92,"column":83},"end":{"line":92,"column":136}},"locations":[{"start":{"line":92,"column":83},"end":{"line":92,"column":136}}]},"20":{"type":"branch","line":93,"loc":{"start":{"line":93,"column":22},"end":{"line":93,"column":31}},"locations":[{"start":{"line":93,"column":22},"end":{"line":93,"column":31}}]},"21":{"type":"branch","line":95,"loc":{"start":{"line":95,"column":4},"end":{"line":108,"column":5}},"locations":[{"start":{"line":95,"column":4},"end":{"line":108,"column":5}}]},"22":{"type":"branch","line":95,"loc":{"start":{"line":95,"column":4},"end":{"line":100,"column":11}},"locations":[{"start":{"line":95,"column":4},"end":{"line":100,"column":11}}]},"23":{"type":"branch","line":95,"loc":{"start":{"line":95,"column":4},"end":{"line":95,"column":58}},"locations":[{"start":{"line":95,"column":4},"end":{"line":95,"column":58}}]},"24":{"type":"branch","line":95,"loc":{"start":{"line":95,"column":58},"end":{"line":100,"column":11}},"locations":[{"start":{"line":95,"column":58},"end":{"line":100,"column":11}}]},"25":{"type":"branch","line":100,"loc":{"start":{"line":100,"column":4},"end":{"line":103,"column":22}},"locations":[{"start":{"line":100,"column":4},"end":{"line":103,"column":22}}]},"26":{"type":"branch","line":100,"loc":{"start":{"line":100,"column":4},"end":{"line":102,"column":5}},"locations":[{"start":{"line":100,"column":4},"end":{"line":102,"column":5}}]},"27":{"type":"branch","line":103,"loc":{"start":{"line":103,"column":4},"end":{"line":103,"column":22}},"locations":[{"start":{"line":103,"column":4},"end":{"line":103,"column":22}}]},"28":{"type":"branch","line":103,"loc":{"start":{"line":103,"column":22},"end":{"line":108,"column":5}},"locations":[{"start":{"line":103,"column":22},"end":{"line":108,"column":5}}]},"29":{"type":"branch","line":112,"loc":{"start":{"line":112,"column":43},"end":{"line":148,"column":3}},"locations":[{"start":{"line":112,"column":43},"end":{"line":148,"column":3}}]},"30":{"type":"branch","line":113,"loc":{"start":{"line":113,"column":49},"end":{"line":130,"column":3}},"locations":[{"start":{"line":113,"column":49},"end":{"line":130,"column":3}}]},"31":{"type":"branch","line":116,"loc":{"start":{"line":116,"column":37},"end":{"line":116,"column":80}},"locations":[{"start":{"line":116,"column":37},"end":{"line":116,"column":80}}]},"32":{"type":"branch","line":116,"loc":{"start":{"line":116,"column":66},"end":{"line":116,"column":104}},"locations":[{"start":{"line":116,"column":66},"end":{"line":116,"column":104}}]},"33":{"type":"branch","line":116,"loc":{"start":{"line":116,"column":99},"end":{"line":116,"column":140}},"locations":[{"start":{"line":116,"column":99},"end":{"line":116,"column":140}}]},"34":{"type":"branch","line":116,"loc":{"start":{"line":116,"column":140},"end":{"line":116,"column":149}},"locations":[{"start":{"line":116,"column":140},"end":{"line":116,"column":149}}]},"35":{"type":"branch","line":117,"loc":{"start":{"line":117,"column":6},"end":{"line":126,"column":34}},"locations":[{"start":{"line":117,"column":6},"end":{"line":126,"column":34}}]},"36":{"type":"branch","line":126,"loc":{"start":{"line":126,"column":34},"end":{"line":128,"column":7}},"locations":[{"start":{"line":126,"column":34},"end":{"line":128,"column":7}}]},"37":{"type":"branch","line":127,"loc":{"start":{"line":127,"column":51},"end":{"line":127,"column":106}},"locations":[{"start":{"line":127,"column":51},"end":{"line":127,"column":106}}]},"38":{"type":"branch","line":127,"loc":{"start":{"line":127,"column":106},"end":{"line":127,"column":156}},"locations":[{"start":{"line":127,"column":106},"end":{"line":127,"column":156}}]},"39":{"type":"branch","line":129,"loc":{"start":{"line":129,"column":4},"end":{"line":129,"column":5}},"locations":[{"start":{"line":129,"column":4},"end":{"line":129,"column":5}}]},"40":{"type":"branch","line":134,"loc":{"start":{"line":134,"column":32},"end":{"line":134,"column":78}},"locations":[{"start":{"line":134,"column":32},"end":{"line":134,"column":78}}]},"41":{"type":"branch","line":134,"loc":{"start":{"line":134,"column":78},"end":{"line":134,"column":87}},"locations":[{"start":{"line":134,"column":78},"end":{"line":134,"column":87}}]},"42":{"type":"branch","line":135,"loc":{"start":{"line":135,"column":4},"end":{"line":139,"column":5}},"locations":[{"start":{"line":135,"column":4},"end":{"line":139,"column":5}}]},"43":{"type":"branch","line":135,"loc":{"start":{"line":135,"column":4},"end":{"line":136,"column":17}},"locations":[{"start":{"line":135,"column":4},"end":{"line":136,"column":17}}]},"44":{"type":"branch","line":136,"loc":{"start":{"line":136,"column":17},"end":{"line":139,"column":5}},"locations":[{"start":{"line":136,"column":17},"end":{"line":139,"column":5}}]},"45":{"type":"branch","line":140,"loc":{"start":{"line":140,"column":4},"end":{"line":148,"column":3}},"locations":[{"start":{"line":140,"column":4},"end":{"line":148,"column":3}}]},"46":{"type":"branch","line":140,"loc":{"start":{"line":140,"column":4},"end":{"line":142,"column":32}},"locations":[{"start":{"line":140,"column":4},"end":{"line":142,"column":32}}]},"47":{"type":"branch","line":142,"loc":{"start":{"line":142,"column":32},"end":{"line":146,"column":5}},"locations":[{"start":{"line":142,"column":32},"end":{"line":146,"column":5}}]},"48":{"type":"branch","line":143,"loc":{"start":{"line":143,"column":46},"end":{"line":143,"column":55}},"locations":[{"start":{"line":143,"column":46},"end":{"line":143,"column":55}}]},"49":{"type":"branch","line":144,"loc":{"start":{"line":144,"column":6},"end":{"line":146,"column":5}},"locations":[{"start":{"line":144,"column":6},"end":{"line":146,"column":5}}]},"50":{"type":"branch","line":147,"loc":{"start":{"line":147,"column":4},"end":{"line":148,"column":3}},"locations":[{"start":{"line":147,"column":4},"end":{"line":148,"column":3}}]},"51":{"type":"branch","line":151,"loc":{"start":{"line":151,"column":30},"end":{"line":158,"column":3}},"locations":[{"start":{"line":151,"column":30},"end":{"line":158,"column":3}}]},"52":{"type":"branch","line":152,"loc":{"start":{"line":152,"column":32},"end":{"line":152,"column":65}},"locations":[{"start":{"line":152,"column":32},"end":{"line":152,"column":65}}]},"53":{"type":"branch","line":152,"loc":{"start":{"line":152,"column":65},"end":{"line":152,"column":74}},"locations":[{"start":{"line":152,"column":65},"end":{"line":152,"column":74}}]},"54":{"type":"branch","line":153,"loc":{"start":{"line":153,"column":4},"end":{"line":158,"column":3}},"locations":[{"start":{"line":153,"column":4},"end":{"line":158,"column":3}}]},"55":{"type":"branch","line":153,"loc":{"start":{"line":153,"column":4},"end":{"line":153,"column":102}},"locations":[{"start":{"line":153,"column":4},"end":{"line":153,"column":102}}]},"56":{"type":"branch","line":153,"loc":{"start":{"line":153,"column":4},"end":{"line":153,"column":93}},"locations":[{"start":{"line":153,"column":4},"end":{"line":153,"column":93}}]},"57":{"type":"branch","line":153,"loc":{"start":{"line":153,"column":93},"end":{"line":153,"column":102}},"locations":[{"start":{"line":153,"column":93},"end":{"line":153,"column":102}}]},"58":{"type":"branch","line":154,"loc":{"start":{"line":154,"column":4},"end":{"line":158,"column":3}},"locations":[{"start":{"line":154,"column":4},"end":{"line":158,"column":3}}]},"59":{"type":"branch","line":161,"loc":{"start":{"line":161,"column":40},"end":{"line":168,"column":3}},"locations":[{"start":{"line":161,"column":40},"end":{"line":168,"column":3}}]},"60":{"type":"branch","line":162,"loc":{"start":{"line":162,"column":53},"end":{"line":162,"column":62}},"locations":[{"start":{"line":162,"column":53},"end":{"line":162,"column":62}}]},"61":{"type":"branch","line":163,"loc":{"start":{"line":163,"column":4},"end":{"line":168,"column":3}},"locations":[{"start":{"line":163,"column":4},"end":{"line":168,"column":3}}]},"62":{"type":"branch","line":163,"loc":{"start":{"line":163,"column":4},"end":{"line":164,"column":38}},"locations":[{"start":{"line":163,"column":4},"end":{"line":164,"column":38}}]},"63":{"type":"branch","line":164,"loc":{"start":{"line":164,"column":38},"end":{"line":168,"column":3}},"locations":[{"start":{"line":164,"column":38},"end":{"line":168,"column":3}}]},"64":{"type":"branch","line":164,"loc":{"start":{"line":164,"column":38},"end":{"line":164,"column":47}},"locations":[{"start":{"line":164,"column":38},"end":{"line":164,"column":47}}]},"65":{"type":"branch","line":165,"loc":{"start":{"line":165,"column":4},"end":{"line":168,"column":3}},"locations":[{"start":{"line":165,"column":4},"end":{"line":168,"column":3}}]},"66":{"type":"branch","line":171,"loc":{"start":{"line":171,"column":41},"end":{"line":174,"column":3}},"locations":[{"start":{"line":171,"column":41},"end":{"line":174,"column":3}}]},"67":{"type":"branch","line":172,"loc":{"start":{"line":172,"column":61},"end":{"line":174,"column":3}},"locations":[{"start":{"line":172,"column":61},"end":{"line":174,"column":3}}]},"68":{"type":"branch","line":172,"loc":{"start":{"line":172,"column":61},"end":{"line":172,"column":70}},"locations":[{"start":{"line":172,"column":61},"end":{"line":172,"column":70}}]},"69":{"type":"branch","line":173,"loc":{"start":{"line":173,"column":4},"end":{"line":174,"column":3}},"locations":[{"start":{"line":173,"column":4},"end":{"line":174,"column":3}}]},"70":{"type":"branch","line":176,"loc":{"start":{"line":176,"column":45},"end":{"line":183,"column":3}},"locations":[{"start":{"line":176,"column":45},"end":{"line":183,"column":3}}]},"71":{"type":"branch","line":182,"loc":{"start":{"line":182,"column":79},"end":{"line":182,"column":100}},"locations":[{"start":{"line":182,"column":79},"end":{"line":182,"column":100}}]},"72":{"type":"branch","line":182,"loc":{"start":{"line":182,"column":83},"end":{"line":182,"column":109}},"locations":[{"start":{"line":182,"column":83},"end":{"line":182,"column":109}}]},"73":{"type":"branch","line":70,"loc":{"start":{"line":70,"column":49},"end":{"line":70,"column":65}},"locations":[{"start":{"line":70,"column":49},"end":{"line":70,"column":65}}]},"74":{"type":"branch","line":71,"loc":{"start":{"line":71,"column":42},"end":{"line":71,"column":58}},"locations":[{"start":{"line":71,"column":42},"end":{"line":71,"column":58}}]},"75":{"type":"branch","line":75,"loc":{"start":{"line":75,"column":44},"end":{"line":75,"column":75}},"locations":[{"start":{"line":75,"column":44},"end":{"line":75,"column":75}}]},"76":{"type":"branch","line":85,"loc":{"start":{"line":85,"column":52},"end":{"line":85,"column":83}},"locations":[{"start":{"line":85,"column":52},"end":{"line":85,"column":83}}]},"77":{"type":"branch","line":86,"loc":{"start":{"line":86,"column":45},"end":{"line":86,"column":73}},"locations":[{"start":{"line":86,"column":45},"end":{"line":86,"column":73}}]},"78":{"type":"branch","line":87,"loc":{"start":{"line":87,"column":77},"end":{"line":90,"column":5}},"locations":[{"start":{"line":87,"column":77},"end":{"line":90,"column":5}}]},"79":{"type":"branch","line":88,"loc":{"start":{"line":88,"column":37},"end":{"line":88,"column":60}},"locations":[{"start":{"line":88,"column":37},"end":{"line":88,"column":60}}]},"80":{"type":"branch","line":91,"loc":{"start":{"line":91,"column":43},"end":{"line":91,"column":102}},"locations":[{"start":{"line":91,"column":43},"end":{"line":91,"column":102}}]},"81":{"type":"branch","line":91,"loc":{"start":{"line":91,"column":73},"end":{"line":91,"column":102}},"locations":[{"start":{"line":91,"column":73},"end":{"line":91,"column":102}}]},"82":{"type":"branch","line":127,"loc":{"start":{"line":127,"column":33},"end":{"line":127,"column":51}},"locations":[{"start":{"line":127,"column":33},"end":{"line":127,"column":51}}]},"83":{"type":"branch","line":135,"loc":{"start":{"line":135,"column":37},"end":{"line":135,"column":109}},"locations":[{"start":{"line":135,"column":37},"end":{"line":135,"column":109}}]},"84":{"type":"branch","line":163,"loc":{"start":{"line":163,"column":51},"end":{"line":163,"column":113}},"locations":[{"start":{"line":163,"column":51},"end":{"line":163,"column":113}}]},"85":{"type":"branch","line":163,"loc":{"start":{"line":163,"column":96},"end":{"line":163,"column":113}},"locations":[{"start":{"line":163,"column":96},"end":{"line":163,"column":113}}]},"86":{"type":"branch","line":163,"loc":{"start":{"line":163,"column":99},"end":{"line":163,"column":113}},"locations":[{"start":{"line":163,"column":99},"end":{"line":163,"column":113}}]},"87":{"type":"branch","line":163,"loc":{"start":{"line":163,"column":71},"end":{"line":163,"column":96}},"locations":[{"start":{"line":163,"column":71},"end":{"line":163,"column":96}}]},"88":{"type":"branch","line":163,"loc":{"start":{"line":163,"column":123},"end":{"line":163,"column":151}},"locations":[{"start":{"line":163,"column":123},"end":{"line":163,"column":151}}]},"89":{"type":"branch","line":172,"loc":{"start":{"line":172,"column":23},"end":{"line":172,"column":58}},"locations":[{"start":{"line":172,"column":23},"end":{"line":172,"column":58}}]},"90":{"type":"branch","line":177,"loc":{"start":{"line":177,"column":37},"end":{"line":180,"column":5}},"locations":[{"start":{"line":177,"column":37},"end":{"line":180,"column":5}}]},"91":{"type":"branch","line":179,"loc":{"start":{"line":179,"column":40},"end":{"line":179,"column":115}},"locations":[{"start":{"line":179,"column":40},"end":{"line":179,"column":115}}]},"92":{"type":"branch","line":179,"loc":{"start":{"line":179,"column":110},"end":{"line":179,"column":121}},"locations":[{"start":{"line":179,"column":110},"end":{"line":179,"column":121}}]},"93":{"type":"branch","line":178,"loc":{"start":{"line":178,"column":43},"end":{"line":178,"column":87}},"locations":[{"start":{"line":178,"column":43},"end":{"line":178,"column":87}}]},"94":{"type":"branch","line":179,"loc":{"start":{"line":179,"column":83},"end":{"line":179,"column":110}},"locations":[{"start":{"line":179,"column":83},"end":{"line":179,"column":110}}]},"95":{"type":"branch","line":181,"loc":{"start":{"line":181,"column":44},"end":{"line":181,"column":60}},"locations":[{"start":{"line":181,"column":44},"end":{"line":181,"column":60}}]},"96":{"type":"branch","line":182,"loc":{"start":{"line":182,"column":41},"end":{"line":182,"column":79}},"locations":[{"start":{"line":182,"column":41},"end":{"line":182,"column":79}}]}},"b":{"0":[144],"1":[246],"2":[5],"3":[5],"4":[9],"5":[37],"6":[146],"7":[76],"8":[494],"9":[36],"10":[4],"11":[41],"12":[146],"13":[145],"14":[1],"15":[146],"16":[125],"17":[116],"18":[111],"19":[31],"20":[116],"21":[134],"22":[116],"23":[30],"24":[4],"25":[48],"26":[26],"27":[30],"28":[1],"29":[154],"30":[229],"31":[114],"32":[76],"33":[38],"34":[191],"35":[38],"36":[144],"37":[32],"38":[32],"39":[38],"40":[38],"41":[119],"42":[142],"43":[35],"44":[7],"45":[138],"46":[28],"47":[111],"48":[82],"49":[29],"50":[28],"51":[146],"52":[145],"53":[141],"54":[44],"55":[23],"56":[5],"57":[1],"58":[4],"59":[147],"60":[141],"61":[45],"62":[6],"63":[23],"64":[1],"65":[5],"66":[246],"67":[204],"68":[113],"69":[133],"70":[144],"71":[4],"72":[140],"73":[238],"74":[154],"75":[247],"76":[246],"77":[129],"78":[126],"79":[406],"80":[157],"81":[50],"82":[92],"83":[28],"84":[6],"85":[5],"86":[1],"87":[17],"88":[2],"89":[728],"90":[864],"91":[860],"92":[825],"93":[2088],"94":[860],"95":[39],"96":[39]},"fnMap":{"0":{"name":"__name","decl":{"start":{"line":2,"column":0},"end":{"line":2,"column":9}},"loc":{"start":{"line":2,"column":0},"end":{"line":2,"column":9}},"line":2},"1":{"name":"finding","decl":{"start":{"line":21,"column":0},"end":{"line":32,"column":1}},"loc":{"start":{"line":21,"column":0},"end":{"line":32,"column":1}},"line":21},"2":{"name":"excerptFor","decl":{"start":{"line":34,"column":0},"end":{"line":36,"column":1}},"loc":{"start":{"line":34,"column":0},"end":{"line":36,"column":1}},"line":34},"3":{"name":"conclusionsForClaim","decl":{"start":{"line":38,"column":0},"end":{"line":40,"column":1}},"loc":{"start":{"line":38,"column":0},"end":{"line":40,"column":1}},"line":38},"4":{"name":"metricOverlap","decl":{"start":{"line":42,"column":0},"end":{"line":45,"column":1}},"loc":{"start":{"line":42,"column":0},"end":{"line":45,"column":1}},"line":42},"5":{"name":"setEvidenceStatus","decl":{"start":{"line":47,"column":0},"end":{"line":60,"column":1}},"loc":{"start":{"line":47,"column":0},"end":{"line":60,"column":1}},"line":47},"6":{"name":"runDeterministicAudit","decl":{"start":{"line":66,"column":7},"end":{"line":186,"column":1}},"loc":{"start":{"line":66,"column":7},"end":{"line":186,"column":1}},"line":66}},"f":{"0":144,"1":246,"2":5,"3":37,"4":76,"5":36,"6":41}}
,"/Users/evander/Labs/codex/worktrees/evoforge-q4-insightforge-review/src/boundary-questions.ts": {"path":"/Users/evander/Labs/codex/worktrees/evoforge-q4-insightforge-review/src/boundary-questions.ts","all":false,"statementMap":{"0":{"start":{"line":1,"column":0},"end":{"line":1,"column":47}},"1":{"start":{"line":2,"column":0},"end":{"line":2,"column":0}},"2":{"start":{"line":3,"column":0},"end":{"line":3,"column":35}},"3":{"start":{"line":4,"column":0},"end":{"line":4,"column":19}},"4":{"start":{"line":5,"column":0},"end":{"line":5,"column":20}},"5":{"start":{"line":6,"column":0},"end":{"line":6,"column":28}},"6":{"start":{"line":7,"column":0},"end":{"line":7,"column":27}},"7":{"start":{"line":8,"column":0},"end":{"line":8,"column":1}},"8":{"start":{"line":9,"column":0},"end":{"line":9,"column":0}},"9":{"start":{"line":10,"column":0},"end":{"line":10,"column":35}},"10":{"start":{"line":11,"column":0},"end":{"line":11,"column":73}},"11":{"start":{"line":12,"column":0},"end":{"line":12,"column":1}},"12":{"start":{"line":13,"column":0},"end":{"line":13,"column":0}},"13":{"start":{"line":14,"column":0},"end":{"line":14,"column":3}},"14":{"start":{"line":15,"column":0},"end":{"line":15,"column":34}},"15":{"start":{"line":16,"column":0},"end":{"line":16,"column":56}},"16":{"start":{"line":17,"column":0},"end":{"line":17,"column":3}},"17":{"start":{"line":18,"column":0},"end":{"line":18,"column":78}},"18":{"start":{"line":19,"column":0},"end":{"line":19,"column":91}},"19":{"start":{"line":20,"column":0},"end":{"line":20,"column":83}},"20":{"start":{"line":21,"column":0},"end":{"line":21,"column":116}},"21":{"start":{"line":22,"column":0},"end":{"line":22,"column":53}},"22":{"start":{"line":23,"column":0},"end":{"line":23,"column":41}},"23":{"start":{"line":24,"column":0},"end":{"line":24,"column":108}},"24":{"start":{"line":25,"column":0},"end":{"line":25,"column":26}},"25":{"start":{"line":26,"column":0},"end":{"line":26,"column":0}},"26":{"start":{"line":27,"column":0},"end":{"line":27,"column":10}},"27":{"start":{"line":28,"column":0},"end":{"line":28,"column":5}},"28":{"start":{"line":29,"column":0},"end":{"line":29,"column":52}},"29":{"start":{"line":30,"column":0},"end":{"line":30,"column":52}},"30":{"start":{"line":31,"column":0},"end":{"line":31,"column":77}},"31":{"start":{"line":32,"column":0},"end":{"line":32,"column":130}},"32":{"start":{"line":33,"column":0},"end":{"line":33,"column":6}},"33":{"start":{"line":34,"column":0},"end":{"line":34,"column":5}},"34":{"start":{"line":35,"column":0},"end":{"line":35,"column":49}},"35":{"start":{"line":36,"column":0},"end":{"line":36,"column":51}},"36":{"start":{"line":37,"column":0},"end":{"line":37,"column":101}},"37":{"start":{"line":38,"column":0},"end":{"line":38,"column":29}},"38":{"start":{"line":39,"column":0},"end":{"line":39,"column":6}},"39":{"start":{"line":40,"column":0},"end":{"line":40,"column":5}},"40":{"start":{"line":41,"column":0},"end":{"line":41,"column":57}},"41":{"start":{"line":42,"column":0},"end":{"line":42,"column":49}},"42":{"start":{"line":43,"column":0},"end":{"line":43,"column":72}},"43":{"start":{"line":44,"column":0},"end":{"line":44,"column":39}},"44":{"start":{"line":45,"column":0},"end":{"line":45,"column":6}},"45":{"start":{"line":46,"column":0},"end":{"line":46,"column":4}},"46":{"start":{"line":47,"column":0},"end":{"line":47,"column":1}}},"s":{"0":1,"1":1,"2":1,"3":1,"4":1,"5":1,"6":1,"7":1,"8":1,"9":6,"10":6,"11":6,"12":1,"13":1,"14":1,"15":1,"16":1,"17":1,"18":3,"19":3,"20":3,"21":3,"22":3,"23":3,"24":3,"25":3,"26":3,"27":3,"28":3,"29":3,"30":3,"31":3,"32":3,"33":3,"34":3,"35":3,"36":3,"37":3,"38":3,"39":3,"40":3,"41":3,"42":3,"43":3,"44":3,"45":3,"46":3},"branchMap":{"0":{"type":"branch","line":10,"loc":{"start":{"line":10,"column":0},"end":{"line":10,"column":9}},"locations":[{"start":{"line":10,"column":0},"end":{"line":10,"column":9}}]},"1":{"type":"branch","line":10,"loc":{"start":{"line":10,"column":0},"end":{"line":12,"column":1}},"locations":[{"start":{"line":10,"column":0},"end":{"line":12,"column":1}}]},"2":{"type":"branch","line":11,"loc":{"start":{"line":11,"column":36},"end":{"line":11,"column":69}},"locations":[{"start":{"line":11,"column":36},"end":{"line":11,"column":69}}]},"3":{"type":"branch","line":18,"loc":{"start":{"line":18,"column":7},"end":{"line":47,"column":1}},"locations":[{"start":{"line":18,"column":7},"end":{"line":47,"column":1}}]},"4":{"type":"branch","line":19,"loc":{"start":{"line":19,"column":77},"end":{"line":19,"column":91}},"locations":[{"start":{"line":19,"column":77},"end":{"line":19,"column":91}}]},"5":{"type":"branch","line":20,"loc":{"start":{"line":20,"column":50},"end":{"line":20,"column":81}},"locations":[{"start":{"line":20,"column":50},"end":{"line":20,"column":81}}]},"6":{"type":"branch","line":21,"loc":{"start":{"line":21,"column":57},"end":{"line":21,"column":113}},"locations":[{"start":{"line":21,"column":57},"end":{"line":21,"column":113}}]},"7":{"type":"branch","line":21,"loc":{"start":{"line":21,"column":87},"end":{"line":21,"column":112}},"locations":[{"start":{"line":21,"column":87},"end":{"line":21,"column":112}}]},"8":{"type":"branch","line":22,"loc":{"start":{"line":22,"column":37},"end":{"line":22,"column":51}},"locations":[{"start":{"line":22,"column":37},"end":{"line":22,"column":51}}]},"9":{"type":"branch","line":24,"loc":{"start":{"line":24,"column":13},"end":{"line":24,"column":107}},"locations":[{"start":{"line":24,"column":13},"end":{"line":24,"column":107}}]},"10":{"type":"branch","line":24,"loc":{"start":{"line":24,"column":44},"end":{"line":24,"column":106}},"locations":[{"start":{"line":24,"column":44},"end":{"line":24,"column":106}}]},"11":{"type":"branch","line":25,"loc":{"start":{"line":25,"column":10},"end":{"line":25,"column":24}},"locations":[{"start":{"line":25,"column":10},"end":{"line":25,"column":24}}]},"12":{"type":"branch","line":32,"loc":{"start":{"line":32,"column":45},"end":{"line":32,"column":107}},"locations":[{"start":{"line":32,"column":45},"end":{"line":32,"column":107}}]},"13":{"type":"branch","line":32,"loc":{"start":{"line":32,"column":76},"end":{"line":32,"column":106}},"locations":[{"start":{"line":32,"column":76},"end":{"line":32,"column":106}}]},"14":{"type":"branch","line":32,"loc":{"start":{"line":32,"column":114},"end":{"line":32,"column":128}},"locations":[{"start":{"line":32,"column":114},"end":{"line":32,"column":128}}]}},"b":{"0":[38],"1":[6],"2":[18],"3":[3],"4":[1],"5":[2],"6":[2],"7":[6],"8":[2],"9":[2],"10":[6],"11":[2],"12":[2],"13":[4],"14":[2]},"fnMap":{"0":{"name":"__name","decl":{"start":{"line":10,"column":0},"end":{"line":10,"column":9}},"loc":{"start":{"line":10,"column":0},"end":{"line":10,"column":9}},"line":10},"1":{"name":"unique","decl":{"start":{"line":10,"column":0},"end":{"line":12,"column":1}},"loc":{"start":{"line":10,"column":0},"end":{"line":12,"column":1}},"line":10},"2":{"name":"buildBoundaryQuestions","decl":{"start":{"line":18,"column":7},"end":{"line":47,"column":1}},"loc":{"start":{"line":18,"column":7},"end":{"line":47,"column":1}},"line":18}},"f":{"0":38,"1":6,"2":3}}
,"/Users/evander/Labs/codex/worktrees/evoforge-q4-insightforge-review/src/cli.ts": {"path":"/Users/evander/Labs/codex/worktrees/evoforge-q4-insightforge-review/src/cli.ts","all":false,"statementMap":{"0":{"start":{"line":1,"column":0},"end":{"line":1,"column":41}},"1":{"start":{"line":2,"column":0},"end":{"line":2,"column":33}},"2":{"start":{"line":3,"column":0},"end":{"line":3,"column":41}},"3":{"start":{"line":4,"column":0},"end":{"line":4,"column":0}},"4":{"start":{"line":5,"column":0},"end":{"line":5,"column":44}},"5":{"start":{"line":6,"column":0},"end":{"line":6,"column":0}},"6":{"start":{"line":7,"column":0},"end":{"line":7,"column":48}},"7":{"start":{"line":8,"column":0},"end":{"line":8,"column":0}},"8":{"start":{"line":9,"column":0},"end":{"line":9,"column":22}},"9":{"start":{"line":10,"column":0},"end":{"line":10,"column":19}},"10":{"start":{"line":11,"column":0},"end":{"line":11,"column":29}},"11":{"start":{"line":12,"column":0},"end":{"line":12,"column":1}},"12":{"start":{"line":13,"column":0},"end":{"line":13,"column":0}},"13":{"start":{"line":14,"column":0},"end":{"line":14,"column":55}},"14":{"start":{"line":15,"column":0},"end":{"line":15,"column":72}},"15":{"start":{"line":16,"column":0},"end":{"line":16,"column":44}},"16":{"start":{"line":17,"column":0},"end":{"line":17,"column":24}},"17":{"start":{"line":18,"column":0},"end":{"line":18,"column":47}},"18":{"start":{"line":19,"column":0},"end":{"line":19,"column":32}},"19":{"start":{"line":20,"column":0},"end":{"line":20,"column":62}},"20":{"start":{"line":21,"column":0},"end":{"line":21,"column":31}},"21":{"start":{"line":22,"column":0},"end":{"line":22,"column":13}},"22":{"start":{"line":23,"column":0},"end":{"line":23,"column":33}},"23":{"start":{"line":24,"column":0},"end":{"line":24,"column":31}},"24":{"start":{"line":25,"column":0},"end":{"line":25,"column":12}},"25":{"start":{"line":26,"column":0},"end":{"line":26,"column":48}},"26":{"start":{"line":27,"column":0},"end":{"line":27,"column":5}},"27":{"start":{"line":28,"column":0},"end":{"line":28,"column":3}},"28":{"start":{"line":29,"column":0},"end":{"line":29,"column":17}},"29":{"start":{"line":30,"column":0},"end":{"line":30,"column":1}},"30":{"start":{"line":31,"column":0},"end":{"line":31,"column":0}},"31":{"start":{"line":32,"column":0},"end":{"line":32,"column":85}},"32":{"start":{"line":33,"column":0},"end":{"line":33,"column":36}},"33":{"start":{"line":34,"column":0},"end":{"line":34,"column":89}},"34":{"start":{"line":35,"column":0},"end":{"line":35,"column":49}},"35":{"start":{"line":36,"column":0},"end":{"line":36,"column":35}},"36":{"start":{"line":37,"column":0},"end":{"line":37,"column":39}},"37":{"start":{"line":38,"column":0},"end":{"line":38,"column":49}},"38":{"start":{"line":39,"column":0},"end":{"line":39,"column":17}},"39":{"start":{"line":40,"column":0},"end":{"line":40,"column":29}},"40":{"start":{"line":41,"column":0},"end":{"line":41,"column":5}},"41":{"start":{"line":42,"column":0},"end":{"line":42,"column":10}},"42":{"start":{"line":43,"column":0},"end":{"line":43,"column":10}},"43":{"start":{"line":44,"column":0},"end":{"line":44,"column":18}},"44":{"start":{"line":45,"column":0},"end":{"line":45,"column":39}},"45":{"start":{"line":46,"column":0},"end":{"line":46,"column":37}},"46":{"start":{"line":47,"column":0},"end":{"line":47,"column":67}},"47":{"start":{"line":48,"column":0},"end":{"line":48,"column":57}},"48":{"start":{"line":49,"column":0},"end":{"line":49,"column":136}},"49":{"start":{"line":50,"column":0},"end":{"line":50,"column":39}},"50":{"start":{"line":51,"column":0},"end":{"line":51,"column":151}},"51":{"start":{"line":52,"column":0},"end":{"line":52,"column":56}},"52":{"start":{"line":53,"column":0},"end":{"line":53,"column":4}},"53":{"start":{"line":54,"column":0},"end":{"line":54,"column":1}},"54":{"start":{"line":55,"column":0},"end":{"line":55,"column":0}},"55":{"start":{"line":56,"column":0},"end":{"line":56,"column":107}},"56":{"start":{"line":57,"column":0},"end":{"line":57,"column":36}},"57":{"start":{"line":58,"column":0},"end":{"line":58,"column":126}},"58":{"start":{"line":59,"column":0},"end":{"line":59,"column":34}},"59":{"start":{"line":60,"column":0},"end":{"line":60,"column":45}},"60":{"start":{"line":61,"column":0},"end":{"line":61,"column":21}},"61":{"start":{"line":62,"column":0},"end":{"line":62,"column":101}},"62":{"start":{"line":63,"column":0},"end":{"line":63,"column":148}},"63":{"start":{"line":64,"column":0},"end":{"line":64,"column":70}},"64":{"start":{"line":65,"column":0},"end":{"line":65,"column":40}},"65":{"start":{"line":66,"column":0},"end":{"line":66,"column":39}},"66":{"start":{"line":67,"column":0},"end":{"line":67,"column":1}},"67":{"start":{"line":68,"column":0},"end":{"line":68,"column":0}},"68":{"start":{"line":69,"column":0},"end":{"line":69,"column":49}},"69":{"start":{"line":70,"column":0},"end":{"line":70,"column":64}},"70":{"start":{"line":71,"column":0},"end":{"line":71,"column":1}},"71":{"start":{"line":72,"column":0},"end":{"line":72,"column":0}},"72":{"start":{"line":73,"column":0},"end":{"line":73,"column":81}},"73":{"start":{"line":74,"column":0},"end":{"line":74,"column":34}},"74":{"start":{"line":75,"column":0},"end":{"line":75,"column":42}},"75":{"start":{"line":76,"column":0},"end":{"line":76,"column":25}},"76":{"start":{"line":77,"column":0},"end":{"line":77,"column":5}},"77":{"start":{"line":78,"column":0},"end":{"line":78,"column":1}}},"s":{"0":1,"1":1,"2":1,"3":1,"4":1,"5":1,"6":1,"7":1,"8":1,"9":1,"10":1,"11":1,"12":1,"13":1,"14":9,"15":9,"16":5,"17":5,"18":3,"19":3,"20":3,"21":2,"22":5,"23":1,"24":1,"25":1,"26":1,"27":5,"28":9,"29":9,"30":1,"31":1,"32":1,"33":1,"34":1,"35":1,"36":1,"37":1,"38":1,"39":1,"40":1,"41":1,"42":1,"43":1,"44":1,"45":1,"46":1,"47":1,"48":1,"49":1,"50":1,"51":1,"52":1,"53":1,"54":1,"55":6,"56":6,"57":6,"58":6,"59":5,"60":6,"61":6,"62":5,"63":4,"64":5,"65":5,"66":6,"67":1,"68":1,"69":3,"70":3,"71":1,"72":1,"73":1,"74":1,"75":1,"76":1,"77":1},"branchMap":{"0":{"type":"branch","line":73,"loc":{"start":{"line":73,"column":80},"end":{"line":78,"column":1}},"locations":[{"start":{"line":73,"column":80},"end":{"line":78,"column":1}}]},"1":{"type":"branch","line":1,"loc":{"start":{"line":1,"column":0},"end":{"line":1,"column":9}},"locations":[{"start":{"line":1,"column":0},"end":{"line":1,"column":9}}]},"2":{"type":"branch","line":14,"loc":{"start":{"line":14,"column":7},"end":{"line":30,"column":1}},"locations":[{"start":{"line":14,"column":7},"end":{"line":30,"column":1}}]},"3":{"type":"branch","line":16,"loc":{"start":{"line":16,"column":43},"end":{"line":28,"column":3}},"locations":[{"start":{"line":16,"column":43},"end":{"line":28,"column":3}}]},"4":{"type":"branch","line":18,"loc":{"start":{"line":18,"column":16},"end":{"line":18,"column":46}},"locations":[{"start":{"line":18,"column":16},"end":{"line":18,"column":46}}]},"5":{"type":"branch","line":18,"loc":{"start":{"line":18,"column":46},"end":{"line":23,"column":15}},"locations":[{"start":{"line":18,"column":46},"end":{"line":23,"column":15}}]},"6":{"type":"branch","line":20,"loc":{"start":{"line":20,"column":18},"end":{"line":20,"column":62}},"locations":[{"start":{"line":20,"column":18},"end":{"line":20,"column":62}}]},"7":{"type":"branch","line":21,"loc":{"start":{"line":21,"column":6},"end":{"line":23,"column":15}},"locations":[{"start":{"line":21,"column":6},"end":{"line":23,"column":15}}]},"8":{"type":"branch","line":23,"loc":{"start":{"line":23,"column":4},"end":{"line":27,"column":5}},"locations":[{"start":{"line":23,"column":4},"end":{"line":27,"column":5}}]},"9":{"type":"branch","line":23,"loc":{"start":{"line":23,"column":32},"end":{"line":27,"column":5}},"locations":[{"start":{"line":23,"column":32},"end":{"line":27,"column":5}}]},"10":{"type":"branch","line":29,"loc":{"start":{"line":29,"column":2},"end":{"line":29,"column":17}},"locations":[{"start":{"line":29,"column":2},"end":{"line":29,"column":17}}]},"11":{"type":"branch","line":32,"loc":{"start":{"line":32,"column":0},"end":{"line":54,"column":1}},"locations":[{"start":{"line":32,"column":0},"end":{"line":54,"column":1}}]},"12":{"type":"branch","line":47,"loc":{"start":{"line":47,"column":26},"end":{"line":47,"column":65}},"locations":[{"start":{"line":47,"column":26},"end":{"line":47,"column":65}}]},"13":{"type":"branch","line":48,"loc":{"start":{"line":48,"column":31},"end":{"line":48,"column":55}},"locations":[{"start":{"line":48,"column":31},"end":{"line":48,"column":55}}]},"14":{"type":"branch","line":49,"loc":{"start":{"line":49,"column":38},"end":{"line":49,"column":134}},"locations":[{"start":{"line":49,"column":38},"end":{"line":49,"column":134}}]},"15":{"type":"branch","line":51,"loc":{"start":{"line":51,"column":34},"end":{"line":51,"column":149}},"locations":[{"start":{"line":51,"column":34},"end":{"line":51,"column":149}}]},"16":{"type":"branch","line":56,"loc":{"start":{"line":56,"column":0},"end":{"line":67,"column":1}},"locations":[{"start":{"line":56,"column":0},"end":{"line":67,"column":1}}]},"17":{"type":"branch","line":57,"loc":{"start":{"line":57,"column":24},"end":{"line":57,"column":36}},"locations":[{"start":{"line":57,"column":24},"end":{"line":57,"column":36}}]},"18":{"type":"branch","line":58,"loc":{"start":{"line":58,"column":18},"end":{"line":58,"column":50}},"locations":[{"start":{"line":58,"column":18},"end":{"line":58,"column":50}}]},"19":{"type":"branch","line":58,"loc":{"start":{"line":58,"column":50},"end":{"line":58,"column":126}},"locations":[{"start":{"line":58,"column":50},"end":{"line":58,"column":126}}]},"20":{"type":"branch","line":59,"loc":{"start":{"line":59,"column":2},"end":{"line":60,"column":45}},"locations":[{"start":{"line":59,"column":2},"end":{"line":60,"column":45}}]},"21":{"type":"branch","line":59,"loc":{"start":{"line":59,"column":2},"end":{"line":60,"column":39}},"locations":[{"start":{"line":59,"column":2},"end":{"line":60,"column":39}}]},"22":{"type":"branch","line":60,"loc":{"start":{"line":60,"column":28},"end":{"line":60,"column":43}},"locations":[{"start":{"line":60,"column":28},"end":{"line":60,"column":43}}]},"23":{"type":"branch","line":60,"loc":{"start":{"line":60,"column":39},"end":{"line":60,"column":45}},"locations":[{"start":{"line":60,"column":39},"end":{"line":60,"column":45}}]},"24":{"type":"branch","line":62,"loc":{"start":{"line":62,"column":50},"end":{"line":66,"column":39}},"locations":[{"start":{"line":62,"column":50},"end":{"line":66,"column":39}}]},"25":{"type":"branch","line":62,"loc":{"start":{"line":62,"column":50},"end":{"line":62,"column":101}},"locations":[{"start":{"line":62,"column":50},"end":{"line":62,"column":101}}]},"26":{"type":"branch","line":63,"loc":{"start":{"line":63,"column":2},"end":{"line":65,"column":19}},"locations":[{"start":{"line":63,"column":2},"end":{"line":65,"column":19}}]},"27":{"type":"branch","line":65,"loc":{"start":{"line":65,"column":19},"end":{"line":65,"column":40}},"locations":[{"start":{"line":65,"column":19},"end":{"line":65,"column":40}}]},"28":{"type":"branch","line":66,"loc":{"start":{"line":66,"column":2},"end":{"line":66,"column":39}},"locations":[{"start":{"line":66,"column":2},"end":{"line":66,"column":39}}]},"29":{"type":"branch","line":63,"loc":{"start":{"line":63,"column":36},"end":{"line":63,"column":146}},"locations":[{"start":{"line":63,"column":36},"end":{"line":63,"column":146}}]},"30":{"type":"branch","line":63,"loc":{"start":{"line":63,"column":73},"end":{"line":63,"column":146}},"locations":[{"start":{"line":63,"column":73},"end":{"line":63,"column":146}}]},"31":{"type":"branch","line":63,"loc":{"start":{"line":63,"column":111},"end":{"line":63,"column":145}},"locations":[{"start":{"line":63,"column":111},"end":{"line":63,"column":145}}]},"32":{"type":"branch","line":69,"loc":{"start":{"line":69,"column":7},"end":{"line":71,"column":1}},"locations":[{"start":{"line":69,"column":7},"end":{"line":71,"column":1}}]},"33":{"type":"branch","line":70,"loc":{"start":{"line":70,"column":26},"end":{"line":70,"column":64}},"locations":[{"start":{"line":70,"column":26},"end":{"line":70,"column":64}}]},"34":{"type":"branch","line":70,"loc":{"start":{"line":70,"column":40},"end":{"line":70,"column":64}},"locations":[{"start":{"line":70,"column":40},"end":{"line":70,"column":64}}]},"35":{"type":"branch","line":74,"loc":{"start":{"line":74,"column":23},"end":{"line":77,"column":3}},"locations":[{"start":{"line":74,"column":23},"end":{"line":77,"column":3}}]}},"b":{"0":[1],"1":[8],"2":[9],"3":[5],"4":[3],"5":[3],"6":[1],"7":[2],"8":[2],"9":[1],"10":[7],"11":[1],"12":[5],"13":[4],"14":[3],"15":[4],"16":[6],"17":[1],"18":[3],"19":[2],"20":[5],"21":[4],"22":[1],"23":[3],"24":[5],"25":[6],"26":[4],"27":[2],"28":[4],"29":[6],"30":[5],"31":[5],"32":[3],"33":[2],"34":[1],"35":[1]},"fnMap":{"0":{"name":"__name","decl":{"start":{"line":1,"column":0},"end":{"line":1,"column":9}},"loc":{"start":{"line":1,"column":0},"end":{"line":1,"column":9}},"line":1},"1":{"name":"parseArgs","decl":{"start":{"line":14,"column":7},"end":{"line":30,"column":1}},"loc":{"start":{"line":14,"column":7},"end":{"line":30,"column":1}},"line":14},"2":{"name":"executeDemo","decl":{"start":{"line":32,"column":0},"end":{"line":54,"column":1}},"loc":{"start":{"line":32,"column":0},"end":{"line":54,"column":1}},"line":32},"3":{"name":"runCli","decl":{"start":{"line":56,"column":0},"end":{"line":67,"column":1}},"loc":{"start":{"line":56,"column":0},"end":{"line":67,"column":1}},"line":56},"4":{"name":"cliErrorMessage","decl":{"start":{"line":69,"column":7},"end":{"line":71,"column":1}},"loc":{"start":{"line":69,"column":7},"end":{"line":71,"column":1}},"line":69}},"f":{"0":8,"1":9,"2":1,"3":6,"4":3}}
,"/Users/evander/Labs/codex/worktrees/evoforge-q4-insightforge-review/src/domain.ts": {"path":"/Users/evander/Labs/codex/worktrees/evoforge-q4-insightforge-review/src/domain.ts","all":false,"statementMap":{"0":{"start":{"line":1,"column":0},"end":{"line":1,"column":24}},"1":{"start":{"line":2,"column":0},"end":{"line":2,"column":0}},"2":{"start":{"line":3,"column":0},"end":{"line":3,"column":93}},"3":{"start":{"line":4,"column":0},"end":{"line":4,"column":81}},"4":{"start":{"line":5,"column":0},"end":{"line":5,"column":29}},"5":{"start":{"line":6,"column":0},"end":{"line":6,"column":9}},"6":{"start":{"line":7,"column":0},"end":{"line":7,"column":19}},"7":{"start":{"line":8,"column":0},"end":{"line":8,"column":16}},"8":{"start":{"line":9,"column":0},"end":{"line":9,"column":13}},"9":{"start":{"line":10,"column":0},"end":{"line":10,"column":13}},"10":{"start":{"line":11,"column":0},"end":{"line":11,"column":16}},"11":{"start":{"line":12,"column":0},"end":{"line":12,"column":20}},"12":{"start":{"line":13,"column":0},"end":{"line":13,"column":11}},"13":{"start":{"line":14,"column":0},"end":{"line":14,"column":0}},"14":{"start":{"line":15,"column":0},"end":{"line":15,"column":105}},"15":{"start":{"line":16,"column":0},"end":{"line":16,"column":105}},"16":{"start":{"line":17,"column":0},"end":{"line":17,"column":102}},"17":{"start":{"line":18,"column":0},"end":{"line":18,"column":121}},"18":{"start":{"line":19,"column":0},"end":{"line":19,"column":63}},"19":{"start":{"line":20,"column":0},"end":{"line":20,"column":90}},"20":{"start":{"line":21,"column":0},"end":{"line":21,"column":81}},"21":{"start":{"line":22,"column":0},"end":{"line":22,"column":119}},"22":{"start":{"line":23,"column":0},"end":{"line":23,"column":0}},"23":{"start":{"line":24,"column":0},"end":{"line":24,"column":60}},"24":{"start":{"line":25,"column":0},"end":{"line":25,"column":63}},"25":{"start":{"line":26,"column":0},"end":{"line":26,"column":56}},"26":{"start":{"line":27,"column":0},"end":{"line":27,"column":60}},"27":{"start":{"line":28,"column":0},"end":{"line":28,"column":54}},"28":{"start":{"line":29,"column":0},"end":{"line":29,"column":83}},"29":{"start":{"line":30,"column":0},"end":{"line":30,"column":79}},"30":{"start":{"line":31,"column":0},"end":{"line":31,"column":65}},"31":{"start":{"line":32,"column":0},"end":{"line":32,"column":70}},"32":{"start":{"line":33,"column":0},"end":{"line":33,"column":88}},"33":{"start":{"line":34,"column":0},"end":{"line":34,"column":90}},"34":{"start":{"line":35,"column":0},"end":{"line":35,"column":72}},"35":{"start":{"line":36,"column":0},"end":{"line":36,"column":84}},"36":{"start":{"line":37,"column":0},"end":{"line":37,"column":60}},"37":{"start":{"line":38,"column":0},"end":{"line":38,"column":0}},"38":{"start":{"line":39,"column":0},"end":{"line":39,"column":26}},"39":{"start":{"line":40,"column":0},"end":{"line":40,"column":23}},"40":{"start":{"line":41,"column":0},"end":{"line":41,"column":21}},"41":{"start":{"line":42,"column":0},"end":{"line":42,"column":19}},"42":{"start":{"line":43,"column":0},"end":{"line":43,"column":30}},"43":{"start":{"line":44,"column":0},"end":{"line":44,"column":27}},"44":{"start":{"line":45,"column":0},"end":{"line":45,"column":29}},"45":{"start":{"line":46,"column":0},"end":{"line":46,"column":23}},"46":{"start":{"line":47,"column":0},"end":{"line":47,"column":18}},"47":{"start":{"line":48,"column":0},"end":{"line":48,"column":1}},"48":{"start":{"line":49,"column":0},"end":{"line":49,"column":0}},"49":{"start":{"line":50,"column":0},"end":{"line":50,"column":32}},"50":{"start":{"line":51,"column":0},"end":{"line":51,"column":13}},"51":{"start":{"line":52,"column":0},"end":{"line":52,"column":20}},"52":{"start":{"line":53,"column":0},"end":{"line":53,"column":11}},"53":{"start":{"line":54,"column":0},"end":{"line":54,"column":23}},"54":{"start":{"line":55,"column":0},"end":{"line":55,"column":26}},"55":{"start":{"line":56,"column":0},"end":{"line":56,"column":30}},"56":{"start":{"line":57,"column":0},"end":{"line":57,"column":18}},"57":{"start":{"line":58,"column":0},"end":{"line":58,"column":25}},"58":{"start":{"line":59,"column":0},"end":{"line":59,"column":22}},"59":{"start":{"line":60,"column":0},"end":{"line":60,"column":28}},"60":{"start":{"line":61,"column":0},"end":{"line":61,"column":32}},"61":{"start":{"line":62,"column":0},"end":{"line":62,"column":19}},"62":{"start":{"line":63,"column":0},"end":{"line":63,"column":23}},"63":{"start":{"line":64,"column":0},"end":{"line":64,"column":23}},"64":{"start":{"line":65,"column":0},"end":{"line":65,"column":23}},"65":{"start":{"line":66,"column":0},"end":{"line":66,"column":20}},"66":{"start":{"line":67,"column":0},"end":{"line":67,"column":31}},"67":{"start":{"line":68,"column":0},"end":{"line":68,"column":19}},"68":{"start":{"line":69,"column":0},"end":{"line":69,"column":19}},"69":{"start":{"line":70,"column":0},"end":{"line":70,"column":23}},"70":{"start":{"line":71,"column":0},"end":{"line":71,"column":1}},"71":{"start":{"line":72,"column":0},"end":{"line":72,"column":0}},"72":{"start":{"line":73,"column":0},"end":{"line":73,"column":31}},"73":{"start":{"line":74,"column":0},"end":{"line":74,"column":13}},"74":{"start":{"line":75,"column":0},"end":{"line":75,"column":27}},"75":{"start":{"line":76,"column":0},"end":{"line":76,"column":16}},"76":{"start":{"line":77,"column":0},"end":{"line":77,"column":16}},"77":{"start":{"line":78,"column":0},"end":{"line":78,"column":15}},"78":{"start":{"line":79,"column":0},"end":{"line":79,"column":22}},"79":{"start":{"line":80,"column":0},"end":{"line":80,"column":64}},"80":{"start":{"line":81,"column":0},"end":{"line":81,"column":27}},"81":{"start":{"line":82,"column":0},"end":{"line":82,"column":5}},"82":{"start":{"line":83,"column":0},"end":{"line":83,"column":1}},"83":{"start":{"line":84,"column":0},"end":{"line":84,"column":0}},"84":{"start":{"line":85,"column":0},"end":{"line":85,"column":32}},"85":{"start":{"line":86,"column":0},"end":{"line":86,"column":27}},"86":{"start":{"line":87,"column":0},"end":{"line":87,"column":32}},"87":{"start":{"line":88,"column":0},"end":{"line":88,"column":28}},"88":{"start":{"line":89,"column":0},"end":{"line":89,"column":29}},"89":{"start":{"line":90,"column":0},"end":{"line":90,"column":33}},"90":{"start":{"line":91,"column":0},"end":{"line":91,"column":33}},"91":{"start":{"line":92,"column":0},"end":{"line":92,"column":30}},"92":{"start":{"line":93,"column":0},"end":{"line":93,"column":1}},"93":{"start":{"line":94,"column":0},"end":{"line":94,"column":0}},"94":{"start":{"line":95,"column":0},"end":{"line":95,"column":35}},"95":{"start":{"line":96,"column":0},"end":{"line":96,"column":132}},"96":{"start":{"line":97,"column":0},"end":{"line":97,"column":20}},"97":{"start":{"line":98,"column":0},"end":{"line":98,"column":20}},"98":{"start":{"line":99,"column":0},"end":{"line":99,"column":23}},"99":{"start":{"line":100,"column":0},"end":{"line":100,"column":18}},"100":{"start":{"line":101,"column":0},"end":{"line":101,"column":20}},"101":{"start":{"line":102,"column":0},"end":{"line":102,"column":30}},"102":{"start":{"line":103,"column":0},"end":{"line":103,"column":1}},"103":{"start":{"line":104,"column":0},"end":{"line":104,"column":0}},"104":{"start":{"line":105,"column":0},"end":{"line":105,"column":40}},"105":{"start":{"line":106,"column":0},"end":{"line":106,"column":19}},"106":{"start":{"line":107,"column":0},"end":{"line":107,"column":27}},"107":{"start":{"line":108,"column":0},"end":{"line":108,"column":17}},"108":{"start":{"line":109,"column":0},"end":{"line":109,"column":45}},"109":{"start":{"line":110,"column":0},"end":{"line":110,"column":19}},"110":{"start":{"line":111,"column":0},"end":{"line":111,"column":1}},"111":{"start":{"line":112,"column":0},"end":{"line":112,"column":0}},"112":{"start":{"line":113,"column":0},"end":{"line":113,"column":33}},"113":{"start":{"line":114,"column":0},"end":{"line":114,"column":13}},"114":{"start":{"line":115,"column":0},"end":{"line":115,"column":47}},"115":{"start":{"line":116,"column":0},"end":{"line":116,"column":16}},"116":{"start":{"line":117,"column":0},"end":{"line":117,"column":20}},"117":{"start":{"line":118,"column":0},"end":{"line":118,"column":47}},"118":{"start":{"line":119,"column":0},"end":{"line":119,"column":25}},"119":{"start":{"line":120,"column":0},"end":{"line":120,"column":21}},"120":{"start":{"line":121,"column":0},"end":{"line":121,"column":18}},"121":{"start":{"line":122,"column":0},"end":{"line":122,"column":29}},"122":{"start":{"line":123,"column":0},"end":{"line":123,"column":26}},"123":{"start":{"line":124,"column":0},"end":{"line":124,"column":100}},"124":{"start":{"line":125,"column":0},"end":{"line":125,"column":29}},"125":{"start":{"line":126,"column":0},"end":{"line":126,"column":32}},"126":{"start":{"line":127,"column":0},"end":{"line":127,"column":49}},"127":{"start":{"line":128,"column":0},"end":{"line":128,"column":1}},"128":{"start":{"line":129,"column":0},"end":{"line":129,"column":0}},"1
[...]
160":{"start":{"line":161,"column":0},"end":{"line":161,"column":60}},"161":{"start":{"line":162,"column":0},"end":{"line":162,"column":102}},"162":{"start":{"line":163,"column":0},"end":{"line":163,"column":5}},"163":{"start":{"line":164,"column":0},"end":{"line":164,"column":19}},"164":{"start":{"line":165,"column":0},"end":{"line":165,"column":60}},"165":{"start":{"line":166,"column":0},"end":{"line":166,"column":93}},"166":{"start":{"line":167,"column":0},"end":{"line":167,"column":3}},"167":{"start":{"line":168,"column":0},"end":{"line":168,"column":1}},"168":{"start":{"line":169,"column":0},"end":{"line":169,"column":0}},"169":{"start":{"line":170,"column":0},"end":{"line":170,"column":123}},"170":{"start":{"line":171,"column":0},"end":{"line":171,"column":49}},"171":{"start":{"line":172,"column":0},"end":{"line":172,"column":95}},"172":{"start":{"line":173,"column":0},"end":{"line":173,"column":3}},"173":{"start":{"line":174,"column":0},"end":{"line":174,"column":43}},"174":{"start":{"line":175,"column":0},"end":{"line":175,"column":0}},"175":{"start":{"line":176,"column":0},"end":{"line":176,"column":36}},"176":{"start":{"line":177,"column":0},"end":{"line":177,"column":61}},"177":{"start":{"line":178,"column":0},"end":{"line":178,"column":88}},"178":{"start":{"line":179,"column":0},"end":{"line":179,"column":5}},"179":{"start":{"line":180,"column":0},"end":{"line":180,"column":44}},"180":{"start":{"line":181,"column":0},"end":{"line":181,"column":39}},"181":{"start":{"line":182,"column":0},"end":{"line":182,"column":10}},"182":{"start":{"line":183,"column":0},"end":{"line":183,"column":99}},"183":{"start":{"line":184,"column":0},"end":{"line":184,"column":85}},"184":{"start":{"line":185,"column":0},"end":{"line":185,"column":91}},"185":{"start":{"line":186,"column":0},"end":{"line":186,"column":5}},"186":{"start":{"line":187,"column":0},"end":{"line":187,"column":9}},"187":{"start":{"line":188,"column":0},"end":{"line":188,"column":62}},"188":{"start":{"line":189,"column":0},"end":{"line":189,"column":13}},"189":{"start":{"line":190,"column":0},"end":{"line":190,"column":77}},"190":{"start":{"line":191,"column":0},"end":{"line":191,"column":5}},"191":{"start":{"line":192,"column":0},"end":{"line":192,"column":3}},"192":{"start":{"line":193,"column":0},"end":{"line":193,"column":0}},"193":{"start":{"line":194,"column":0},"end":{"line":194,"column":16}},"194":{"start":{"line":195,"column":0},"end":{"line":195,"column":1}}},"s":{"0":1,"1":1,"2":1,"3":1,"4":1,"5":1,"6":1,"7":1,"8":1,"9":1,"10":1,"11":1,"12":1,"13":1,"14":1,"15":1,"16":1,"17":1,"18":1,"19":1,"20":1,"21":1,"22":1,"23":1,"24":1,"25":1,"26":1,"27":1,"28":1,"29":1,"30":1,"31":1,"32":1,"33":1,"34":1,"35":1,"36":1,"37":1,"38":1,"39":1,"40":1,"41":1,"42":1,"43":1,"44":49,"45":28,"46":28,"47":28,"48":49,"49":1,"50":1,"51":1,"52":1,"53":1,"54":1,"55":1,"56":1,"57":1,"58":1,"59":1,"60":1,"61":1,"62":1,"63":1,"64":1,"65":1,"66":1,"67":60,"68":60,"69":60,"70":1,"71":116,"72":116,"73":116,"74":659,"75":659,"76":658,"77":116,"78":116,"79":1,"80":1,"81":124,"82":124,"83":124,"84":124,"85":5,"86":5,"87":124,"88":124,"89":124,"90":1,"91":1,"92":124,"93":124,"94":116,"95":116,"96":116,"97":116,"98":116,"99":124,"100":124,"101":124,"102":124,"103":116,"104":116,"105":124,"106":1,"107":55,"108":55,"109":55,"110":55,"111":1,"112":1,"113":62,"114":62,"115":62,"116":62,"117":62,"118":62,"119":1,"120":1,"121":62,"122":2,"123":2,"124":62,"125":2,"126":2,"127":62,"128":1,"129":1,"130":58,"131":58,"132":54,"133":54,"134":54,"135":54,"136":54,"137":54,"138":54,"139":62,"140":1,"141":94,"142":94,"143":94,"144":1,"145":27,"146":27,"147":20,"148":20,"149":27,"150":1,"151":7,"152":7,"153":7,"154":6,"155":7,"156":7,"157":1,"158":1,"159":4,"160":7,"161":1,"162":1,"163":7,"164":3,"165":2,"166":1,"167":7,"168":1,"169":39,"170":39,"171":1,"172":1,"173":39,"174":38,"175":39,"176":6,"177":2,"178":2,"179":39,"180":7,"181":30,"182":23,"183":23,"184":2,"185":2,"186":22,"187":19,"188":22,"189":1,"190":1,"191":23,"192":39,"193":39,"194":39},"branchMap":{"0":{"type":"branch","line":1,"loc":{"start":{"line":1,"column":0},"end":{"line":1,"column":9}},"locations":[{"start":{"line":1,"column":0},"end":{"line":1,"column":9}}]},"1":{"type":"branch","line":44,"loc":{"start":{"line":44,"column":49},"end":{"line":49,"column":1}},"locations":[{"start":{"line":44,"column":49},"end":{"line":49,"column":1}}]},"2":{"type":"branch","line":45,"loc":{"start":{"line":45,"column":2},"end":{"line":48,"column":3}},"locations":[{"start":{"line":45,"column":2},"end":{"line":48,"column":3}}]},"3":{"type":"branch","line":68,"loc":{"start":{"line":68,"column":0},"end":{"line":70,"column":1}},"locations":[{"start":{"line":68,"column":0},"end":{"line":70,"column":1}}]},"4":{"type":"branch","line":69,"loc":{"start":{"line":69,"column":52},"end":{"line":69,"column":84}},"locations":[{"start":{"line":69,"column":52},"end":{"line":69,"column":84}}]},"5":{"type":"branch","line":72,"loc":{"start":{"line":72,"column":0},"end":{"line":79,"column":1}},"locations":[{"start":{"line":72,"column":0},"end":{"line":79,"column":1}}]},"6":{"type":"branch","line":74,"loc":{"start":{"line":74,"column":33},"end":{"line":77,"column":3}},"locations":[{"start":{"line":74,"column":33},"end":{"line":77,"column":3}}]},"7":{"type":"branch","line":75,"loc":{"start":{"line":75,"column":66},"end":{"line":75,"column":72}},"locations":[{"start":{"line":75,"column":66},"end":{"line":75,"column":72}}]},"8":{"type":"branch","line":76,"loc":{"start":{"line":76,"column":4},"end":{"line":77,"column":3}},"locations":[{"start":{"line":76,"column":4},"end":{"line":77,"column":3}}]},"9":{"type":"branch","line":81,"loc":{"start":{"line":81,"column":7},"end":{"line":106,"column":1}},"locations":[{"start":{"line":81,"column":7},"end":{"line":106,"column":1}}]},"10":{"type":"branch","line":83,"loc":{"start":{"line":83,"column":19},"end":{"line":83,"column":87}},"locations":[{"start":{"line":83,"column":19},"end":{"line":83,"column":87}}]},"11":{"type":"branch","line":84,"loc":{"start":{"line":84,"column":2},"end":{"line":84,"column":51}},"locations":[{"start":{"line":84,"column":2},"end":{"line":84,"column":51}}]},"12":{"type":"branch","line":84,"loc":{"start":{"line":84,"column":51},"end":{"line":84,"column":119}},"locations":[{"start":{"line":84,"column":51},"end":{"line":84,"column":119}}]},"13":{"type":"branch","line":85,"loc":{"start":{"line":85,"column":2},"end":{"line":85,"column":34}},"locations":[{"start":{"line":85,"column":2},"end":{"line":85,"column":34}}]},"14":{"type":"branch","line":85,"loc":{"start":{"line":85,"column":29},"end":{"line":85,"column":61}},"locations":[{"start":{"line":85,"column":29},"end":{"line":85,"column":61}}]},"15":{"type":"branch","line":85,"loc":{"start":{"line":85,"column":61},"end":{"line":87,"column":3}},"locations":[{"start":{"line":85,"column":61},"end":{"line":87,"column":3}}]},"16":{"type":"branch","line":89,"loc":{"start":{"line":89,"column":2},"end":{"line":90,"column":39}},"locations":[{"start":{"line":89,"column":2},"end":{"line":90,"column":39}}]},"17":{"type":"branch","line":90,"loc":{"start":{"line":90,"column":39},"end":{"line":92,"column":3}},"locations":[{"start":{"line":90,"column":39},"end":{"line":92,"column":3}}]},"18":{"type":"branch","line":94,"loc":{"start":{"line":94,"column":2},"end":{"line":100,"column":17}},"locations":[{"start":{"line":94,"column":2},"end":{"line":100,"column":17}}]},"19":{"type":"branch","line":100,"loc":{"start":{"line":100,"column":17},"end":{"line":100,"column":37}},"locations":[{"start":{"line":100,"column":17},"end":{"line":100,"column":37}}]},"20":{"type":"branch","line":101,"loc":{"start":{"line":101,"column":2},"end":{"line":101,"column":64}},"locations":[{"start":{"line":101,"column":2},"end":{"line":101,"column":64}}]},"21":{"type":"branch","line":101,"loc":{"start":{"line":101,"column":64},"end":{"line":101,"column":96}},"locations":[{"start":{"line":101,"column":64},"end":{"line":101,"column":96}}]},"22":{"type":"branch","line":103,"loc":{"start":{"line":103,"column":2},"end":{"line":105,"column":35}},"locations":[{"start":{"line":103,"column":2},"end":{"line":105,"column":35}}]},"23":{"type":"branch","line":108,"loc":{"start":{"line":108,"column":0},"end":{"line":111,"column":1}},"locations":[{"start":{"line":108,"column":0},"end":{"line":111,"column":1}}]},"24":{"type":"branch","line":110,"loc":{"start":{"line":110,"column":65},"end":{"line":110,"column":87}},"locations":[{"start":{"line":110,"column":65},"end":{"line":110,"column":87}}]},"25":{"type":"branch","line":113,"loc":{"start":{"line":113,"column":7},"end":{"line":140,"column":1}},"locations":[{"start":{"line":113,"column":7},"end":{"line":140,"column":1}}]},"26":{"type":"branch","line":119,"loc":{"start":{"line":119,"column":60},"end":{"line":121,"column":3}},"locations":[{"start":{"line":119,"column":60},"end":{"line":121,"column":3}}]},"27":{"type":"branch","line":122,"loc":{"start":{"line":122,"column":2},"end":{"line":122,"column":78}},"locations":[{"start":{"line":122,"column":2},"end":{"line":122,"column":78}}]},"28":{"type":"branch","line":122,"loc":{"start":{"line":122,"column":47},"end":{"line":122,"column":78}},"locations":[{"start":{"line":122,"column":47},"end":{"line":122,"column":78}}]},"29":{"type":"branch","line":122,"loc":{"start":{"line":122,"column":78},"end":{"line":124,"column":3}},"locations":[{"start":{"line":122,"column":78},"end":{"line":124,"column":3}}]},"30":{"type":"branch","line":125,"loc":{"start":{"line":125,"column":2},"end":{"line":125,"column":51}},"locations":[{"start":{"line":125,"column":2},"end":{"line":125,"column":51}}]},"31":{"type":"branch","line":125,"loc":{"start":{"line":125,"column":51},"end":{"line":127,"column":3}},"locations":[{"start":{"line":125,"column":51},"end":{"line":127,"column":3}}]},"32":{"type":"branch","line":128,"loc":{"start":{"line":128,"column":2},"end":{"line":128,"column":66}},"locations":[{"start":{"line":128,"column":2},"end":{"line":128,"column":66}}]},"33":{"type":"branch","line":128,"loc":{"start":{"line":128,"column":66},"end":{"line":139,"column":4}},"locations":[{"start":{"line":128,"column":66},"end":{"line":139,"column":4}}]},"34":{"type":"branch","line":128,"loc":{"start":{"line":128,"column":66},"end":{"line":130,"column":3}},"locations":[{"start":{"line":128,"column":66},"end":{"line":130,"column":3}}]},"35":{"type":"branch","line":132,"loc":{"start":{"line":132,"column":2},"end":{"line":139,"column":4}},"locations":[{"start":{"line":132,"column":2},"end":{"line":139,"column":4}}]},"36":{"type":"branch","line":142,"loc":{"start":{"line":142,"column":0},"end":{"line":144,"column":1}},"locations":[{"start":{"line":142,"column":0},"end":{"line":144,"column":1}}]},"37":{"type":"branch","line":143,"loc":{"start":{"line":143,"column":22},"end":{"line":143,"column":62}},"locations":[{"start":{"line":143,"column":22},"end":{"line":143,"column":62}}]},"38":{"type":"branch","line":146,"loc":{"start":{"line":146,"column":0},"end":{"line":150,"column":1}},"locations":[{"start":{"line":146,"column":0},"end":{"line":150,"column":1}}]},"39":{"type":"branch","line":147,"loc":{"start":{"line":147,"column":51},"end":{"line":149,"column":51}},"locations":[{"start":{"line":147,"column":51},"end":{"line":149,"column":51}}]},"40":{"type":"branch","line":152,"loc":{"start":{"line":152,"column":0},"end":{"line":168,"column":1}},"locations":[{"start":{"line":152,"column":0},"end":{"line":168,"column":1}}]},"41":{"type":"branch","line":153,"loc":{"start":{"line":153,"column":30},"end":{"line":153,"column":105}},"locations":[{"start":{"line":153,"column":30},"end":{"line":153,"column":105}}]},"42":{"type":"branch","line":154,"loc":{"start":{"line":154,"column":2},"end":{"line":155,"column":45}},"locations":[{"start":{"line":154,"column":2},"end":{"line":155,"column":45}}]},"43":{"type":"branch","line":156,"loc":{"start":{"line":156,"column":4},"end":{"line":157,"column":118}},"locations":[{"start":{"line":156,"column":4},"end":{"line":157,"column":118}}]},"44":{"type":"branch","line":157,"loc":{"start":{"line":157,"column":118},"end":{"line":161,"column":59}},"locations":[{"start":{"line":157,"column":118},"end":{"line":161,"column":59}}]},"45":{"type":"branch","line":157,"loc":{"start":{"line":157,"column":118},"end":{"line":159,"column":5}},"locations":[{"start":{"line":157,"column":118},"end":{"line":159,"column":5}}]},"46":{"type":"branch","line":161,"loc":{"start":{"line":161,"column":59},"end":{"line":163,"column":5}},"locations":[{"start":{"line":161,"column":59},"end":{"line":163,"column":5}}]},"47":{"type":"branch","line":164,"loc":{"start":{"line":164,"column":2},"end":{"line":167,"column":3}},"locations":[{"start":{"line":164,"column":2},"end":{"line":167,"column":3}}]},"48":{"type":"branch","line":165,"loc":{"start":{"line":165,"column":48},"end":{"line":167,"column":3}},"locations":[{"start":{"line":165,"column":48},"end":{"line":167,"column":3}}]},"49":{"type":"branch","line":166,"loc":{"start":{"line":166,"column":4},"end":{"line":167,"column":3}},"locations":[{"start":{"line":166,"column":4},"end":{"line":167,"column":3}}]},"50":{"type":"branch","line":157,"loc":{"start":{"line":157,"column":49},"end":{"line":157,"column":115}},"locations":[{"start":{"line":157,"column":49},"end":{"line":157,"column":115}}]},"51":{"type":"branch","line":157,"loc":{"start":{"line":157,"column":79},"end":{"line":157,"column":115}},"locations":[{"start":{"line":157,"column":79},"end":{"line":157,"column":115}}]},"52":{"type":"branch","line":161,"loc":{"start":{"line":161,"column":30},"end":{"line":161,"column":56}},"locations":[{"start":{"line":161,"column":30},"end":{"line":161,"column":56}}]},"53":{"type":"branch","line":170,"loc":{"start":{"line":170,"column":0},"end":{"line":195,"column":1}},"locations":[{"start":{"line":170,"column":0},"end":{"line":195,"column":1}}]},"54":{"type":"branch","line":171,"loc":{"start":{"line":171,"column":48},"end":{"line":173,"column":3}},"locations":[{"start":{"line":171,"column":48},"end":{"line":173,"column":3}}]},"55":{"type":"branch","line":174,"loc":{"start":{"line":174,"column":2},"end":{"line":176,"column":35}},"locations":[{"start":{"line":174,"column":2},"end":{"line":176,"column":35}}]},"56":{"type":"branch","line":176,"loc":{"start":{"line":176,"column":35},"end":{"line":180,"column":13}},"locations":[{"start":{"line":176,"column":35},"end":{"line":180,"column":13}}]},"57":{"type":"branch","line":177,"loc":{"start":{"line":177,"column":60},"end":{"line":179,"column":5}},"locations":[{"start":{"line":177,"column":60},"end":{"line":179,"column":5}}]},"58":{"type":"branch","line":180,"loc":{"start":{"line":180,"column":2},"end":{"line":192,"column":3}},"locations":[{"start":{"line":180,"column":2},"end":{"line":192,"column":3}}]},"59":{"type":"branch","line":180,"loc":{"start":{"line":180,"column":43},"end":{"line":182,"column":9}},"locations":[{"start":{"line":180,"column":43},"end":{"line":182,"column":9}}]},"60":{"type":"branch","line":182,"loc":{"start":{"line":182,"column":2},"end":{"line":182,"column":9}},"locations":[{"start":{"line":182,"column":2},"end":{"line":182,"column":9}}]},"61":{"type":"branch","line":182,"loc":{"start":{"line":182,"column":2},"end":{"line":192,"column":3}},"locations":[{"start":{"line":182,"column":2},"end":{"line":192,"column":3}}]},"62":{"type":"branch","line":183,"loc":{"start":{"line":183,"column":27},"end":{"line":183,"column":99}},"locations":[{"start":{"line":183,"column":27},"end":{"line":183,"column":99}}]},"63":{"type":"branch","line":184,"loc":{"start":{"line":184,"column":4},"end":{"line":184,"column":84}},"locations":[{"start":{"line":184,"column":4},"end":{"line":184,"column":84}}]},"64":{"type":"branch","line":184,"loc":{"start":{"line":184,"column":4},"end":{"line":184,"column":61}},"locations":[{"start":{"line":184,"column":4},"end":{"line":184,"column":61}}]},"65":{"type":"branch","line":184,"loc":{"start":{"line":184,"column":56},"end":{"line":184,"column":84}},"locations":[{"start":{"line":184,"column":56},"end":{"line":184,"column":84}}]},"66":{"type":"branch","line":184,"loc":{"start":{"line":184,"column":84},"end":{"line":191,"column":5}},"locations":[{"start":{"line":184,"column":84},"end":{"line":191,"column":5}}]},"67":{"type":"branch","line":184,"loc":{"start":{"line":184,"column":84},"end":{"line":186,"column":5}},"locations":[{"start":{"line":184,"column":84},"end":{"line":186,"column":5}}]},"68":{"type":"branch","line":187,"loc":{"start":{"line":187,"column":4},"end":{"line":189,"column":12}},"locations":[{"start":{"line":187,"column":4},"end":{"line":189,"column":12}}]},"69":{"type":"branch","line":189,"loc":{"start":{"line":189,"column":4},"end":{"line":191,"column":5}},"locations":[{"start":{"line":189,"column":4},"end":{"line":191,"column":5}}]},"70":{"type":"branch","line":194,"loc":{"start":{"line":194,"column":2},"end":{"line":194,"column":16}},"locations":[{"start":{"line":194,"column":2},"end":{"line":194,"column":16}}]}},"b":{"0":[210],"1":[49],"2":[28],"3":[60],"4":[1],"5":[116],"6":[659],"7":[1],"8":[658],"9":[124],"10":[1],"11":[123],"12":[1],"13":[122],"14":[118],"15":[5],"16":[117],"17":[1],"18":[116],"19":[1],"20":[116],"21":[3],"22":[116],"23":[55],"24":[54],"25":[62],"26":[1],"27":[59],"28":[58],"29":[2],"30":[57],"31":[2],"32":[55],"33":[58],"34":[1],"35":[54],"36":[94],"37":[141],"38":[27],"39":[20],"40":[7],"41":[1],"42":[6],"43":[5],"44":[4],"45":[1],"46":[1],"47":[3],"48":[2],"49":[1],"50":[22],"51":[21],"52":[11],"53":[39],"54":[1],"55":[38],"56":[6],"57":[2],"58":[30],"59":[7],"60":[3],"61":[23],"62":[2],"63":[22],"64":[21],"65":[20],"66":[22],"67":[2],"68":[19],"69":[1],"70":[25]},"fnMap":{"0":{"name":"__name","decl":{"start":{"line":1,"column":0},"end":{"line":1,"column":9}},"loc":{"start":{"line":1,"column":0},"end":{"line":1,"column":9}},"line":1},"1":{"name":"<static_initializer>","decl":{"start":{"line":44,"column":49},"end":{"line":49,"column":1}},"loc":{"start":{"line":44,"column":49},"end":{"line":49,"column":1}},"line":44},"2":{"name":"UploadValidationError","decl":{"start":{"line":45,"column":2},"end":{"line":48,"column":3}},"loc":{"start":{"line":45,"column":2},"end":{"line":48,"column":3}},"line":45},"3":{"name":"normalizeMimeType","decl":{"start":{"line":68,"column":0},"end":{"line":70,"column":1}},"loc":{"start":{"line":68,"column":0},"end":{"line":70,"column":1}},"line":68},"4":{"name":"truncateUtf8","decl":{"start":{"line":72,"column":0},"end":{"line":79,"column":1}},"loc":{"start":{"line":72,"column":0},"end":{"line":79,"column":1}},"line":72},"5":{"name":"sanitizeUploadFileName","decl":{"start":{"line":81,"column":7},"end":{"line":106,"column":1}},"loc":{"start":{"line":81,"column":7},"end":{"line":106,"column":1}},"line":81},"6":{"name":"isPathInside","decl":{"start":{"line":108,"column":0},"end":{"line":111,"column":1}},"loc":{"start":{"line":108,"column":0},"end":{"line":111,"column":1}},"line":108},"7":{"name":"validateUpload","decl":{"start":{"line":113,"column":7},"end":{"line":140,"column":1}},"loc":{"start":{"line":113,"column":7},"end":{"line":140,"column":1}},"line":113},"8":{"name":"startsWith","decl":{"start":{"line":142,"column":0},"end":{"line":144,"column":1}},"loc":{"start":{"line":142,"column":0},"end":{"line":144,"column":1}},"line":142},"9":{"name":"isZipSignature","decl":{"start":{"line":146,"column":0},"end":{"line":150,"column":1}},"loc":{"start":{"line":146,"column":0},"end":{"line":150,"column":1}},"line":146},"10":{"name":"validateXlsxContainer","decl":{"start":{"line":152,"column":0},"end":{"line":168,"column":1}},"loc":{"start":{"line":152,"column":0},"end":{"line":168,"column":1}},"line":152},"11":{"name":"validateUploadBytes","decl":{"start":{"line":170,"column":0},"end":{"line":195,"column":1}},"loc":{"start":{"line":170,"column":0},"end":{"line":195,"column":1}},"line":170}},"f":{"0":210,"1":49,"2":28,"3":60,"4":116,"5":124,"6":55,"7":62,"8":94,"9":27,"10":7,"11":39}}
}
